#
# There is insufficient memory for the Java Runtime Environment to continue.
# Native memory allocation (malloc) failed to allocate 97517568 bytes for committing reserved memory.
# Possible reasons:
#   The system is out of physical RAM or swap space
#   In 32 bit mode, the process size limit was hit
# Possible solutions:
#   Reduce memory load on the system
#   Increase physical memory or swap space
#   Check if swap backing store is full
#   Use 64 bit Java on a 64 bit OS
#   Decrease Java heap size (-Xmx/-Xms)
#   Decrease number of Java threads
#   Decrease Java thread stack sizes (-Xss)
#   Set larger code cache with -XX:ReservedCodeCacheSize=
# This output file may be truncated or incomplete.
#
#  Out of Memory Error (os_linux.cpp:2827), pid=7505, tid=1739381568
#
# JRE version: OpenJDK Runtime Environment (7.0_95) (build 1.7.0_95-b00)
# Java VM: OpenJDK Server VM (24.95-b01 mixed mode linux-x86 )
# Derivative: IcedTea 2.6.4
# Distribution: Ubuntu 15.10, package 7u95-2.6.4-0ubuntu0.15.10.1
# Failed to write core dump. Core dumps have been disabled. To enable core dumping, try "ulimit -c unlimited" before starting Java again
#

---------------  T H R E A D  ---------------

Current thread (0x67989000):  VMThread [stack: 0x67a4d000,0x67ace000] [id=7515]

Stack: [0x67a4d000,0x67ace000]
VM_Operation (0xb6353ce4): ParallelGCFailedAllocation, mode: safepoint, requested by thread 0xb620a400


---------------  P R O C E S S  ---------------

Java Threads: ( => current thread )
  0x679a4800 JavaThread "Service Thread" daemon [_thread_blocked, id=7521, stack(0x6730b000,0x6735c000)]
  0x679a2c00 JavaThread "C2 CompilerThread1" daemon [_thread_blocked, id=7520, stack(0x6735c000,0x673dd000)]
  0x679a0c00 JavaThread "C2 CompilerThread0" daemon [_thread_blocked, id=7519, stack(0x673dd000,0x6745e000)]
  0x6799f000 JavaThread "Signal Dispatcher" daemon [_thread_blocked, id=7518, stack(0x6745e000,0x674af000)]
  0x6798d400 JavaThread "Finalizer" daemon [_thread_blocked, id=7517, stack(0x676af000,0x67700000)]
  0x6798bc00 JavaThread "Reference Handler" daemon [_thread_blocked, id=7516, stack(0x6a62e000,0x6a67f000)]
  0xb620a400 JavaThread "main" [_thread_blocked, id=7509, stack(0xb6304000,0xb6355000)]

Other Threads:
=>0x67989000 VMThread [stack: 0x67a4d000,0x67ace000] [id=7515]
  0x679a6c00 WatcherThread [stack: 0x6728a000,0x6730b000] [id=7522]

VM state:at safepoint (normal execution)

VM Mutex/Monitor currently owned by a thread:  ([mutex/lock_event])
[0xb6207be0] Threads_lock - owner thread: 0x67989000
[0xb6207ff0] Heap_lock - owner thread: 0xb620a400

Heap
 PSYoungGen      total 31488K, used 1472K [0x9db00000, 0x9fcc0000, 0xb3080000)
  eden space 28928K, 0% used [0x9db00000,0x9db00000,0x9f740000)
  from space 2560K, 57% used [0x9f7c0000,0x9f930020,0x9fa40000)
  to   space 256K, 0% used [0x9fc80000,0x9fc80000,0x9fcc0000)
 ParOldGen       total 76288K, used 17987K [0x73080000, 0x77b00000, 0x9db00000)
  object space 76288K, 23% used [0x73080000,0x74210d30,0x77b00000)
 PSPermGen       total 16384K, used 2981K [0x6b080000, 0x6c080000, 0x73080000)
  object space 16384K, 18% used [0x6b080000,0x6b369720,0x6c080000)

Card table byte_map: [0x6ae3f000,0x6b080000] byte_map_base: 0x6aae6c00

Polling page: 0xb771f000

Code Cache  [0xb317b000, 0xb33bb000, 0xb617b000)
 total_blobs=425 nmethods=301 adapters=77 free_code_cache=48296Kb largest_free_block=49425344

Compilation events (10 events):
Event: 2,574 Thread 0x679a2c00 nmethod 299 0xb324b108 code [0xb324b240, 0xb324b630]
Event: 2,574 Thread 0x679a2c00  300 %           java.util.ComparableTimSort::mergeHi @ 174 (716 bytes)
Event: 2,583 Thread 0x679a0c00 nmethod 295% 0xb3253988 code [0xb3253b80, 0xb3254e24]
Event: 2,583 Thread 0x679a0c00  301 %           java.util.Collections::sort @ 20 (52 bytes)
Event: 2,599 Thread 0x679a0c00 nmethod 301% 0xb3251208 code [0xb3251340, 0xb3251890]
Event: 2,599 Thread 0x679a0c00  302             com.android.dx.merge.DexMerger::access$1900 (5 bytes)
Event: 2,600 Thread 0x679a0c00 nmethod 302 0xb324af48 code [0xb324b040, 0xb324b090]
Event: 2,600 Thread 0x679a0c00  303 %           com.android.dx.merge.DexMerger$IdMerger::mergeUnsorted @ 86 (232 bytes)
Event: 2,603 Thread 0x679a2c00 nmethod 300% 0xb3252108 code [0xb32522a0, 0xb3252f90]
Event: 2,603 Thread 0x679a2c00  304 %           java.util.HashMap::put @ 54 (142 bytes)

GC Heap History (10 events):
Event: 1,018 GC heap after
Heap after GC invocations=1 (full 0):
 PSYoungGen      total 18432K, used 2525K [0x9db00000, 0x9ef80000, 0xb3080000)
  eden space 15872K, 0% used [0x9db00000,0x9db00000,0x9ea80000)
  from space 2560K, 98% used [0x9ea80000,0x9ecf74f8,0x9ed00000)
  to   space 2560K, 0% used [0x9ed00000,0x9ed00000,0x9ef80000)
 ParOldGen       total 41728K, used 2020K [0x73080000, 0x75940000, 0x9db00000)
  object space 41728K, 4% used [0x73080000,0x732790c8,0x75940000)
 PSPermGen       total 16384K, used 2695K [0x6b080000, 0x6c080000, 0x73080000)
  object space 16384K, 16% used [0x6b080000,0x6b321dd8,0x6c080000)
}
Event: 1,147 GC heap before
{Heap before GC invocations=2 (full 0):
 PSYoungGen      total 18432K, used 17805K [0x9db00000, 0x9ef80000, 0xb3080000)
  eden space 15872K, 96% used [0x9db00000,0x9e9ebf80,0x9ea80000)
  from space 2560K, 98% used [0x9ea80000,0x9ecf74f8,0x9ed00000)
  to   space 2560K, 0% used [0x9ed00000,0x9ed00000,0x9ef80000)
 ParOldGen       total 41728K, used 2020K [0x73080000, 0x75940000, 0x9db00000)
  object space 41728K, 4% used [0x73080000,0x732790c8,0x75940000)
 PSPermGen       total 16384K, used 2696K [0x6b080000, 0x6c080000, 0x73080000)
  object space 16384K, 16% used [0x6b080000,0x6b322090,0x6c080000)
Event: 1,152 GC heap after
Heap after GC invocations=2 (full 0):
 PSYoungGen      total 18432K, used 2559K [0x9db00000, 0x9ff00000, 0xb3080000)
  eden space 15872K, 0% used [0x9db00000,0x9db00000,0x9ea80000)
  from space 2560K, 99% used [0x9ed00000,0x9ef7ff40,0x9ef80000)
  to   space 2560K, 0% used [0x9ea80000,0x9ea80000,0x9ed00000)
 ParOldGen       total 41728K, used 5535K [0x73080000, 0x75940000, 0x9db00000)
  object space 41728K, 13% used [0x73080000,0x735e7c28,0x75940000)
 PSPermGen       total 16384K, used 2696K [0x6b080000, 0x6c080000, 0x73080000)
  object space 16384K, 16% used [0x6b080000,0x6b322090,0x6c080000)
}
Event: 1,468 GC heap before
{Heap before GC invocations=3 (full 0):
 PSYoungGen      total 18432K, used 18431K [0x9db00000, 0x9ff00000, 0xb3080000)
  eden space 15872K, 100% used [0x9db00000,0x9ea80000,0x9ea80000)
  from space 2560K, 99% used [0x9ed00000,0x9ef7ff40,0x9ef80000)
  to   space 2560K, 0% used [0x9ea80000,0x9ea80000,0x9ed00000)
 ParOldGen       total 41728K, used 5535K [0x73080000, 0x75940000, 0x9db00000)
  object space 41728K, 13% used [0x73080000,0x735e7c28,0x75940000)
 PSPermGen       total 16384K, used 2885K [0x6b080000, 0x6c080000, 0x73080000)
  object space 16384K, 17% used [0x6b080000,0x6b3514b0,0x6c080000)
Event: 1,592 GC heap after
Heap after GC invocations=3 (full 0):
 PSYoungGen      total 18432K, used 2553K [0x9db00000, 0x9ff00000, 0xb3080000)
  eden space 15872K, 0% used [0x9db00000,0x9db00000,0x9ea80000)
  from space 2560K, 99% used [0x9ea80000,0x9ecfe428,0x9ed00000)
  to   space 2560K, 0% used [0x9fc80000,0x9fc80000,0x9ff00000)
 ParOldGen       total 50944K, used 44659K [0x73080000, 0x76240000, 0x9db00000)
  object space 50944K, 87% used [0x73080000,0x75c1cc90,0x76240000)
 PSPermGen       total 16384K, used 2885K [0x6b080000, 0x6c080000, 0x73080000)
  object space 16384K, 17% used [0x6b080000,0x6b3514b0,0x6c080000)
}
Event: 1,613 GC heap before
{Heap before GC invocations=4 (full 1):
 PSYoungGen      total 18432K, used 2553K [0x9db00000, 0x9ff00000, 0xb3080000)
  eden space 15872K, 0% used [0x9db00000,0x9db00000,0x9ea80000)
  from space 2560K, 99% used [0x9ea80000,0x9ecfe428,0x9ed00000)
  to   space 2560K, 0% used [0x9fc80000,0x9fc80000,0x9ff00000)
 ParOldGen       total 50944K, used 44659K [0x73080000, 0x76240000, 0x9db00000)
  object space 50944K, 87% used [0x73080000,0x75c1cc90,0x76240000)
 PSPermGen       total 16384K, used 2885K [0x6b080000, 0x6c080000, 0x73080000)
  object space 16384K, 17% used [0x6b080000,0x6b3514b0,0x6c080000)
Event: 1,644 GC heap after
Heap after GC invocations=4 (full 1):
 PSYoungGen      total 18432K, used 0K [0x9db00000, 0x9ff00000, 0xb3080000)
  eden space 15872K, 0% used [0x9db00000,0x9db00000,0x9ea80000)
  from space 2560K, 0% used [0x9ea80000,0x9ea80000,0x9ed00000)
  to   space 2560K, 0% used [0x9fc80000,0x9fc80000,0x9ff00000)
 ParOldGen       total 76288K, used 17987K [0x73080000, 0x77b00000, 0x9db00000)
  object space 76288K, 23% used [0x73080000,0x74210d30,0x77b00000)
 PSPermGen       total 16384K, used 2884K [0x6b080000, 0x6c080000, 0x73080000)
  object space 16384K, 17% used [0x6b080000,0x6b351068,0x6c080000)
}
Event: 1,854 GC heap before
{Heap before GC invocations=5 (full 1):
 PSYoungGen      total 18432K, used 15872K [0x9db00000, 0x9ff00000, 0xb3080000)
  eden space 15872K, 100% used [0x9db00000,0x9ea80000,0x9ea80000)
  from space 2560K, 0% used [0x9ea80000,0x9ea80000,0x9ed00000)
  to   space 2560K, 0% used [0x9fc80000,0x9fc80000,0x9ff00000)
 ParOldGen       total 76288K, used 17987K [0x73080000, 0x77b00000, 0x9db00000)
  object space 76288K, 23% used [0x73080000,0x74210d30,0x77b00000)
 PSPermGen       total 16384K, used 2884K [0x6b080000, 0x6c080000, 0x73080000)
  object space 16384K, 17% used [0x6b080000,0x6b3513d8,0x6c080000)
Event: 1,864 GC heap after
Heap after GC invocations=5 (full 1):
 PSYoungGen      total 29184K, used 48K [0x9db00000, 0x9fcc0000, 0xb3080000)
  eden space 28928K, 0% used [0x9db00000,0x9db00000,0x9f740000)
  from space 256K, 18% used [0x9fc80000,0x9fc8c000,0x9fcc0000)
  to   space 2560K, 0% used [0x9f7c0000,0x9f7c0000,0x9fa40000)
 ParOldGen       total 76288K, used 17987K [0x73080000, 0x77b00000, 0x9db00000)
  object space 76288K, 23% used [0x73080000,0x74210d30,0x77b00000)
 PSPermGen       total 16384K, used 2884K [0x6b080000, 0x6c080000, 0x73080000)
  object space 16384K, 17% used [0x6b080000,0x6b3513d8,0x6c080000)
}
Event: 2,607 GC heap before
{Heap before GC invocations=6 (full 1):
 PSYoungGen      total 29184K, used 28976K [0x9db00000, 0x9fcc0000, 0xb3080000)
  eden space 28928K, 100% used [0x9db00000,0x9f740000,0x9f740000)
  from space 256K, 18% used [0x9fc80000,0x9fc8c000,0x9fcc0000)
  to   space 2560K, 0% used [0x9f7c0000,0x9f7c0000,0x9fa40000)
 ParOldGen       total 76288K, used 17987K [0x73080000, 0x77b00000, 0x9db00000)
  object space 76288K, 23% used [0x73080000,0x74210d30,0x77b00000)
 PSPermGen       total 16384K, used 2981K [0x6b080000, 0x6c080000, 0x73080000)
  object space 16384K, 18% used [0x6b080000,0x6b369720,0x6c080000)

Deoptimization events (10 events):
Event: 2,377 Thread 0xb620a400 Uncommon trap: reason=predicate action=maybe_recompile pc=0xb3238844 method=com.android.dex.Leb128.readUnsignedLeb128(Lcom/android/dex/util/ByteInput;)I @ 41
Event: 2,482 Thread 0xb620a400 Uncommon trap: reason=unstable_if action=reinterpret pc=0xb323a2c0 method=com.android.dex.EncodedValueCodec.writeUnsignedIntegralValue(Lcom/android/dex/util/ByteOutput;IJ)V @ 11
Event: 2,483 Thread 0xb620a400 Uncommon trap: reason=class_check action=maybe_recompile pc=0xb3200d2c method=com.android.dx.merge.DexMerger$IdMerger$UnsortedValue.compareTo(Lcom/android/dx/merge/DexMerger$IdMerger$UnsortedValue;)I @ 8
Event: 2,483 Thread 0xb620a400 Uncommon trap: reason=class_check action=maybe_recompile pc=0xb3200d2c method=com.android.dx.merge.DexMerger$IdMerger$UnsortedValue.compareTo(Lcom/android/dx/merge/DexMerger$IdMerger$UnsortedValue;)I @ 8
Event: 2,483 Thread 0xb620a400 Uncommon trap: reason=predicate action=maybe_recompile pc=0xb3203608 method=java.util.ComparableTimSort.binarySort([Ljava/lang/Object;III)V @ 79
Event: 2,483 Thread 0xb620a400 Uncommon trap: reason=class_check action=maybe_recompile pc=0xb3200d2c method=com.android.dx.merge.DexMerger$IdMerger$UnsortedValue.compareTo(Lcom/android/dx/merge/DexMerger$IdMerger$UnsortedValue;)I @ 8
Event: 2,483 Thread 0xb620a400 Uncommon trap: reason=class_check action=maybe_recompile pc=0xb3200d2c method=com.android.dx.merge.DexMerger$IdMerger$UnsortedValue.compareTo(Lcom/android/dx/merge/DexMerger$IdMerger$UnsortedValue;)I @ 8
Event: 2,483 Thread 0xb620a400 Uncommon trap: reason=class_check action=maybe_recompile pc=0xb32022d8 method=com.android.dx.merge.DexMerger$IdMerger$UnsortedValue.compareTo(Lcom/android/dx/merge/DexMerger$IdMerger$UnsortedValue;)I @ 8
Event: 2,483 Thread 0xb620a400 Uncommon trap: reason=class_check action=maybe_recompile pc=0xb3215f90 method=com.android.dx.merge.DexMerger$IdMerger$UnsortedValue.compareTo(Lcom/android/dx/merge/DexMerger$IdMerger$UnsortedValue;)I @ 8
Event: 2,483 Thread 0xb620a400 Uncommon trap: reason=class_check action=maybe_recompile pc=0xb320f66c method=com.android.dx.merge.DexMerger$IdMerger$UnsortedValue.compareTo(Lcom/android/dx/merge/DexMerger$IdMerger$UnsortedValue;)I @ 8

Internal exceptions (10 events):
Event: 2,273 Thread 0xb620a400 Threw 0x9e8f8598 at /build/openjdk-7-Nflms6/openjdk-7-7u95-2.6.4/build/openjdk/hotspot/src/share/vm/prims/jvm.cpp:1322
Event: 2,273 Thread 0xb620a400 Threw 0x9e8fc1b8 at /build/openjdk-7-Nflms6/openjdk-7-7u95-2.6.4/build/openjdk/hotspot/src/share/vm/prims/jvm.cpp:1322
Event: 2,346 Thread 0xb620a400 Threw 0x9f231de0 at /build/openjdk-7-Nflms6/openjdk-7-7u95-2.6.4/build/openjdk/hotspot/src/share/vm/prims/jvm.cpp:1322
Event: 2,346 Thread 0xb620a400 Threw 0x9f2355d8 at /build/openjdk-7-Nflms6/openjdk-7-7u95-2.6.4/build/openjdk/hotspot/src/share/vm/prims/jvm.cpp:1322
Event: 2,347 Thread 0xb620a400 Threw 0x9f23b330 at /build/openjdk-7-Nflms6/openjdk-7-7u95-2.6.4/build/openjdk/hotspot/src/share/vm/prims/jvm.cpp:1322
Event: 2,348 Thread 0xb620a400 Threw 0x9f23e908 at /build/openjdk-7-Nflms6/openjdk-7-7u95-2.6.4/build/openjdk/hotspot/src/share/vm/prims/jvm.cpp:1322
Event: 2,348 Thread 0xb620a400 Threw 0x9f241cb8 at /build/openjdk-7-Nflms6/openjdk-7-7u95-2.6.4/build/openjdk/hotspot/src/share/vm/prims/jvm.cpp:1322
Event: 2,349 Thread 0xb620a400 Threw 0x9f245010 at /build/openjdk-7-Nflms6/openjdk-7-7u95-2.6.4/build/openjdk/hotspot/src/share/vm/prims/jvm.cpp:1322
Event: 2,350 Thread 0xb620a400 Threw 0x9f24e4f8 at /build/openjdk-7-Nflms6/openjdk-7-7u95-2.6.4/build/openjdk/hotspot/src/share/vm/prims/jvm.cpp:1322
Event: 2,351 Thread 0xb620a400 Threw 0x9f253780 at /build/openjdk-7-Nflms6/openjdk-7-7u95-2.6.4/build/openjdk/hotspot/src/share/vm/prims/jvm.cpp:1322

Events (10 events):
Event: 2,483 Thread 0xb620a400 Uncommon trap: trap_request=0xffffffde fr.pc=0xb32022d8
Event: 2,483 Thread 0xb620a400 DEOPT PACKING pc=0xb32022d8 sp=0xb6353ce0
Event: 2,483 Thread 0xb620a400 DEOPT UNPACKING pc=0xb31a7bc8 sp=0xb6353cd0 mode 2
Event: 2,483 Thread 0xb620a400 Uncommon trap: trap_request=0xffffffde fr.pc=0xb3215f90
Event: 2,483 Thread 0xb620a400 DEOPT PACKING pc=0xb3215f90 sp=0xb6353c90
Event: 2,483 Thread 0xb620a400 DEOPT UNPACKING pc=0xb31a7bc8 sp=0xb6353c50 mode 2
Event: 2,483 Thread 0xb620a400 Uncommon trap: trap_request=0xffffffde fr.pc=0xb320f66c
Event: 2,483 Thread 0xb620a400 DEOPT PACKING pc=0xb320f66c sp=0xb6353c90
Event: 2,483 Thread 0xb620a400 DEOPT UNPACKING pc=0xb31a7bc8 sp=0xb6353c50 mode 2
Event: 2,607 Executing VM operation: ParallelGCFailedAllocation


Dynamic libraries:
08048000-08049000 r-xp 00000000 08:02 4860681    /usr/lib/jvm/java-7-openjdk-i386/jre/bin/java
08049000-0804a000 r--p 00000000 08:02 4860681    /usr/lib/jvm/java-7-openjdk-i386/jre/bin/java
0804a000-0804b000 rw-p 00001000 08:02 4860681    /usr/lib/jvm/java-7-openjdk-i386/jre/bin/java
088d5000-0895a000 rw-p 00000000 00:00 0          [heap]
66600000-666d6000 rw-p 00000000 00:00 0 
666d6000-66700000 ---p 00000000 00:00 0 
66800000-66900000 rw-p 00000000 00:00 0 
66a00000-66af7000 rw-p 00000000 00:00 0 
66af7000-66b00000 ---p 00000000 00:00 0 
66be3000-66da4000 rw-p 00000000 00:00 0 
66da4000-66e15000 r-xp 00000000 08:02 6553670    /lib/i386-linux-gnu/libpcre.so.3.13.1
66e15000-66e16000 r--p 00070000 08:02 6553670    /lib/i386-linux-gnu/libpcre.so.3.13.1
66e16000-66e17000 rw-p 00071000 08:02 6553670    /lib/i386-linux-gnu/libpcre.so.3.13.1
66e17000-66f3c000 r-xp 00000000 08:02 6558160    /lib/i386-linux-gnu/libglib-2.0.so.0.4600.1
66f3c000-66f3d000 r--p 00124000 08:02 6558160    /lib/i386-linux-gnu/libglib-2.0.so.0.4600.1
66f3d000-66f3e000 rw-p 00125000 08:02 6558160    /lib/i386-linux-gnu/libglib-2.0.so.0.4600.1
66f3e000-670fb000 r-xp 00000000 08:02 4853793    /usr/lib/i386-linux-gnu/libgio-2.0.so.0.4600.1
670fb000-670fc000 ---p 001bd000 08:02 4853793    /usr/lib/i386-linux-gnu/libgio-2.0.so.0.4600.1
670fc000-670fe000 r--p 001bd000 08:02 4853793    /usr/lib/i386-linux-gnu/libgio-2.0.so.0.4600.1
670fe000-670ff000 rw-p 001bf000 08:02 4853793    /usr/lib/i386-linux-gnu/libgio-2.0.so.0.4600.1
670ff000-67100000 rw-p 00000000 00:00 0 
67100000-67155000 rw-p 00000000 00:00 0 
67155000-67200000 ---p 00000000 00:00 0 
6722b000-67287000 r-xp 00000000 08:02 4853335    /usr/lib/i386-linux-gnu/libgobject-2.0.so.0.4600.1
67287000-67288000 ---p 0005c000 08:02 4853335    /usr/lib/i386-linux-gnu/libgobject-2.0.so.0.4600.1
67288000-67289000 r--p 0005c000 08:02 4853335    /usr/lib/i386-linux-gnu/libgobject-2.0.so.0.4600.1
67289000-6728a000 rw-p 0005d000 08:02 4853335    /usr/lib/i386-linux-gnu/libgobject-2.0.so.0.4600.1
6728a000-6728b000 ---p 00000000 00:00 0 
6728b000-6730b000 rw-p 00000000 00:00 0          [stack:7522]
6730b000-6730e000 ---p 00000000 00:00 0 
6730e000-6735c000 rw-p 00000000 00:00 0          [stack:7521]
6735c000-6735f000 ---p 00000000 00:00 0 
6735f000-673dd000 rw-p 00000000 00:00 0          [stack:7520]
673dd000-673e0000 ---p 00000000 00:00 0 
673e0000-6745e000 rw-p 00000000 00:00 0          [stack:7519]
6745e000-67461000 ---p 00000000 00:00 0 
67461000-674af000 rw-p 00000000 00:00 0          [stack:7518]
674af000-676af000 r--p 00000000 08:02 4858393    /usr/lib/locale/locale-archive
676af000-676b2000 ---p 00000000 00:00 0 
676b2000-67700000 rw-p 00000000 00:00 0          [stack:7517]
67700000-677ff000 rw-p 00000000 00:00 0 
677ff000-67800000 ---p 00000000 00:00 0 
67800000-67821000 rw-p 00000000 00:00 0 
67821000-67900000 ---p 00000000 00:00 0 
67900000-679fd000 rw-p 00000000 00:00 0 
679fd000-67a00000 ---p 00000000 00:00 0 
67a4d000-67a4e000 ---p 00000000 00:00 0 
67a4e000-67ace000 rw-p 00000000 00:00 0          [stack:7515]
67ace000-67c80000 r--s 01d2f000 08:02 4866524    /usr/lib/jvm/java-7-openjdk-i386/jre/lib/rt.jar
67c80000-6a500000 rw-p 00000000 00:00 0 
6a500000-6a5f9000 rw-p 00000000 00:00 0 
6a5f9000-6a600000 ---p 00000000 00:00 0 
6a606000-6a62b000 r-xp 00000000 08:02 6553672    /lib/i386-linux-gnu/libselinux.so.1
6a62b000-6a62c000 r--p 00024000 08:02 6553672    /lib/i386-linux-gnu/libselinux.so.1
6a62c000-6a62d000 rw-p 00025000 08:02 6553672    /lib/i386-linux-gnu/libselinux.so.1
6a62d000-6a62e000 rw-p 00000000 00:00 0 
6a62e000-6a631000 ---p 00000000 00:00 0 
6a631000-6a67f000 rw-p 00000000 00:00 0          [stack:7516]
6a67f000-6a680000 ---p 00000000 00:00 0 
6a680000-6a700000 rw-p 00000000 00:00 0          [stack:7513]
6a700000-6a721000 rw-p 00000000 00:00 0 
6a721000-6a800000 ---p 00000000 00:00 0 
6a800000-6a814000 r-xp 00000000 08:02 6567181    /lib/i386-linux-gnu/libresolv-2.21.so
6a814000-6a815000 r--p 00013000 08:02 6567181    /lib/i386-linux-gnu/libresolv-2.21.so
6a815000-6a816000 rw-p 00014000 08:02 6567181    /lib/i386-linux-gnu/libresolv-2.21.so
6a816000-6a818000 rw-p 00000000 00:00 0 
6a836000-6a87f000 rw-p 00000000 00:00 0 
6a87f000-6a880000 ---p 00000000 00:00 0 
6a880000-6a900000 rw-p 00000000 00:00 0          [stack:7512]
6a900000-6a921000 rw-p 00000000 00:00 0 
6a921000-6aa00000 ---p 00000000 00:00 0 
6aa0b000-6aa22000 r-xp 00000000 08:02 4866562    /usr/lib/jvm/java-7-openjdk-i386/jre/lib/i386/libnet.so
6aa22000-6aa23000 r--p 00016000 08:02 4866562    /usr/lib/jvm/java-7-openjdk-i386/jre/lib/i386/libnet.so
6aa23000-6aa24000 rw-p 00017000 08:02 4866562    /usr/lib/jvm/java-7-openjdk-i386/jre/lib/i386/libnet.so
6aa24000-6aa7f000 rw-p 00000000 00:00 0 
6aa7f000-6aa80000 ---p 00000000 00:00 0 
6aa80000-6ab00000 rw-p 00000000 00:00 0          [stack:7511]
6ab00000-6ab21000 rw-p 00000000 00:00 0 
6ab21000-6ac00000 ---p 00000000 00:00 0 
6ac0c000-6ac13000 r-xp 00000000 08:02 4858685    /usr/lib/i386-linux-gnu/libffi.so.6.0.4
6ac13000-6ac15000 r--p 00006000 08:02 4858685    /usr/lib/i386-linux-gnu/libffi.so.6.0.4
6ac15000-6ac16000 rw-p 00008000 08:02 4858685    /usr/lib/i386-linux-gnu/libffi.so.6.0.4
6ac16000-6ac26000 r-xp 00000000 08:02 4866530    /usr/lib/jvm/java-7-openjdk-i386/jre/lib/i386/libnio.so
6ac26000-6ac27000 r--p 0000f000 08:02 4866530    /usr/lib/jvm/java-7-openjdk-i386/jre/lib/i386/libnio.so
6ac27000-6ac28000 rw-p 00010000 08:02 4866530    /usr/lib/jvm/java-7-openjdk-i386/jre/lib/i386/libnio.so
6ac28000-6ac29000 ---p 00000000 00:00 0 
6ac29000-6acb1000 rw-p 00000000 00:00 0          [stack:7510]
6acb1000-6ace9000 rw-p 00000000 00:00 0 
6ace9000-6ad0f000 rw-p 00000000 00:00 0 
6ad0f000-6ae3f000 rw-p 00000000 00:00 0 
6ae3f000-6ae47000 rw-p 00000000 00:00 0 
6ae47000-6ae7f000 rw-p 00000000 00:00 0 
6ae7f000-6aea5000 rw-p 00000000 00:00 0 
6aea5000-6afd4000 rw-p 00000000 00:00 0 
6afd4000-6afe6000 rw-p 00000000 00:00 0 
6afe6000-6afe7000 ---p 00000000 00:00 0 
6afe7000-6b07f000 rw-p 00000000 00:00 0 
6b07f000-6c080000 rw-p 00000000 00:00 0 
6c080000-73080000 rw-p 00000000 00:00 0 
73080000-77b00000 rw-p 00000000 00:00 0 
77b00000-9db00000 rw-p 00000000 00:00 0 
9db00000-9fcc0000 rw-p 00000000 00:00 0 
a599e000-a59c0000 r--p 00000000 08:02 6818542    /usr/share/locale-langpack/pt_BR/LC_MESSAGES/libc.mo
a59c0000-b3080000 rw-p 00000000 00:00 0 
b3082000-b3089000 r--s 00000000 08:02 4852500    /usr/lib/i386-linux-gnu/gconv/gconv-modules.cache
b3089000-b308c000 r-xp 00000000 08:02 4853797    /usr/lib/i386-linux-gnu/libgmodule-2.0.so.0.4600.1
b308c000-b308d000 r--p 00002000 08:02 4853797    /usr/lib/i386-linux-gnu/libgmodule-2.0.so.0.4600.1
b308d000-b308e000 rw-p 00003000 08:02 4853797    /usr/lib/i386-linux-gnu/libgmodule-2.0.so.0.4600.1
b308f000-b309e000 r--s 000df000 08:02 3154200    /home/amanda/Android/Sdk/build-tools/23.0.2/lib/dx.jar
b309e000-b30a0000 r--s 00007000 08:02 5383724    /usr/share/java/java-atk-wrapper.jar
b30a0000-b30c4000 rw-p 00000000 00:00 0 
b30c4000-b317b000 rw-p 00000000 00:00 0 
b317b000-b33bb000 rwxp 00000000 00:00 0 
b33bb000-b617b000 rw-p 00000000 00:00 0 
b617b000-b6187000 r-xp 00000000 08:02 6567164    /lib/i386-linux-gnu/libnss_files-2.21.so
b6187000-b6188000 r--p 0000b000 08:02 6567164    /lib/i386-linux-gnu/libnss_files-2.21.so
b6188000-b6189000 rw-p 0000c000 08:02 6567164    /lib/i386-linux-gnu/libnss_files-2.21.so
b6189000-b6194000 r-xp 00000000 08:02 6567175    /lib/i386-linux-gnu/libnss_nis-2.21.so
b6194000-b6195000 r--p 0000a000 08:02 6567175    /lib/i386-linux-gnu/libnss_nis-2.21.so
b6195000-b6196000 rw-p 0000b000 08:02 6567175    /lib/i386-linux-gnu/libnss_nis-2.21.so
b6196000-b61ad000 r-xp 00000000 08:02 6567169    /lib/i386-linux-gnu/libnsl-2.21.so
b61ad000-b61ae000 r--p 00016000 08:02 6567169    /lib/i386-linux-gnu/libnsl-2.21.so
b61ae000-b61af000 rw-p 00017000 08:02 6567169    /lib/i386-linux-gnu/libnsl-2.21.so
b61af000-b61b1000 rw-p 00000000 00:00 0 
b61b1000-b61b2000 r--s 00002000 08:02 4866520    /usr/lib/jvm/java-7-openjdk-i386/jre/lib/ext/dnsns.jar
b61b2000-b61b5000 r--s 0000f000 08:02 4866517    /usr/lib/jvm/java-7-openjdk-i386/jre/lib/ext/icedtea-sound.jar
b61b5000-b61b9000 r--s 0003c000 08:02 4866519    /usr/lib/jvm/java-7-openjdk-i386/jre/lib/ext/sunpkcs11.jar
b61b9000-b61bd000 r--s 00085000 08:02 4866516    /usr/lib/jvm/java-7-openjdk-i386/jre/lib/ext/localedata.jar
b61bd000-b61c5000 r-xp 00000000 08:02 4866534    /usr/lib/jvm/java-7-openjdk-i386/jre/lib/i386/libzip.so
b61c5000-b61c6000 r--p 00007000 08:02 4866534    /usr/lib/jvm/java-7-openjdk-i386/jre/lib/i386/libzip.so
b61c6000-b61c7000 rw-p 00008000 08:02 4866534    /usr/lib/jvm/java-7-openjdk-i386/jre/lib/i386/libzip.so
b61c7000-b61cf000 rw-s 00000000 08:02 7617508    /tmp/hsperfdata_amanda/7505
b61cf000-b61f5000 r-xp 00000000 08:02 4866542    /usr/lib/jvm/java-7-openjdk-i386/jre/lib/i386/libjava.so
b61f5000-b61f6000 r--p 00025000 08:02 4866542    /usr/lib/jvm/java-7-openjdk-i386/jre/lib/i386/libjava.so
b61f6000-b61f7000 rw-p 00026000 08:02 4866542    /usr/lib/jvm/java-7-openjdk-i386/jre/lib/i386/libjava.so
b61f7000-b61fe000 r-xp 00000000 08:02 6567162    /lib/i386-linux-gnu/librt-2.21.so
b61fe000-b61ff000 r--p 00006000 08:02 6567162    /lib/i386-linux-gnu/librt-2.21.so
b61ff000-b6200000 rw-p 00007000 08:02 6567162    /lib/i386-linux-gnu/librt-2.21.so
b6200000-b62fa000 rw-p 00000000 00:00 0 
b62fa000-b6300000 ---p 00000000 00:00 0 
b6300000-b6304000 r--s 00034000 08:02 4866518    /usr/lib/jvm/java-7-openjdk-i386/jre/lib/ext/sunjce_provider.jar
b6304000-b6307000 ---p 00000000 00:00 0 
b6307000-b6355000 rw-p 00000000 00:00 0          [stack:7509]
b6355000-b6371000 r-xp 00000000 08:02 6558106    /lib/i386-linux-gnu/libgcc_s.so.1
b6371000-b6372000 r--p 0001b000 08:02 6558106    /lib/i386-linux-gnu/libgcc_s.so.1
b6372000-b6373000 rw-p 0001c000 08:02 6558106    /lib/i386-linux-gnu/libgcc_s.so.1
b6373000-b63be000 r-xp 00000000 08:02 6567177    /lib/i386-linux-gnu/libm-2.21.so
b63be000-b63bf000 r--p 0004a000 08:02 6567177    /lib/i386-linux-gnu/libm-2.21.so
b63bf000-b63c0000 rw-p 0004b000 08:02 6567177    /lib/i386-linux-gnu/libm-2.21.so
b63c0000-b652d000 r-xp 00000000 08:02 4858383    /usr/lib/i386-linux-gnu/libstdc++.so.6.0.21
b652d000-b652e000 ---p 0016d000 08:02 4858383    /usr/lib/i386-linux-gnu/libstdc++.so.6.0.21
b652e000-b6533000 r--p 0016d000 08:02 4858383    /usr/lib/i386-linux-gnu/libstdc++.so.6.0.21
b6533000-b6534000 rw-p 00172000 08:02 4858383    /usr/lib/i386-linux-gnu/libstdc++.so.6.0.21
b6534000-b6537000 rw-p 00000000 00:00 0 
b6537000-b709d000 r-xp 00000000 08:02 4866550    /usr/lib/jvm/java-7-openjdk-i386/jre/lib/i386/server/libjvm.so
b709d000-b70e8000 r--p 00b65000 08:02 4866550    /usr/lib/jvm/java-7-openjdk-i386/jre/lib/i386/server/libjvm.so
b70e8000-b70fc000 rw-p 00bb0000 08:02 4866550    /usr/lib/jvm/java-7-openjdk-i386/jre/lib/i386/server/libjvm.so
b70fc000-b751a000 rw-p 00000000 00:00 0 
b751a000-b7533000 r-xp 00000000 08:02 6553682    /lib/i386-linux-gnu/libz.so.1.2.8
b7533000-b7534000 r--p 00018000 08:02 6553682    /lib/i386-linux-gnu/libz.so.1.2.8
b7534000-b7535000 rw-p 00019000 08:02 6553682    /lib/i386-linux-gnu/libz.so.1.2.8
b7535000-b754e000 r-xp 00000000 08:02 6567163    /lib/i386-linux-gnu/libpthread-2.21.so
b754e000-b754f000 r--p 00018000 08:02 6567163    /lib/i386-linux-gnu/libpthread-2.21.so
b754f000-b7550000 rw-p 00019000 08:02 6567163    /lib/i386-linux-gnu/libpthread-2.21.so
b7550000-b7552000 rw-p 00000000 00:00 0 
b7552000-b7555000 r-xp 00000000 08:02 6567174    /lib/i386-linux-gnu/libdl-2.21.so
b7555000-b7556000 r--p 00002000 08:02 6567174    /lib/i386-linux-gnu/libdl-2.21.so
b7556000-b7557000 rw-p 00003000 08:02 6567174    /lib/i386-linux-gnu/libdl-2.21.so
b7557000-b770b000 r-xp 00000000 08:02 6567178    /lib/i386-linux-gnu/libc-2.21.so
b770b000-b770e000 r--p 001b3000 08:02 6567178    /lib/i386-linux-gnu/libc-2.21.so
b770e000-b7710000 rw-p 001b6000 08:02 6567178    /lib/i386-linux-gnu/libc-2.21.so
b7710000-b7712000 rw-p 00000000 00:00 0 
b7712000-b7714000 r--s 00012000 08:02 4866515    /usr/lib/jvm/java-7-openjdk-i386/jre/lib/ext/zipfs.jar
b7714000-b771c000 r-xp 00000000 08:02 6567165    /lib/i386-linux-gnu/libnss_compat-2.21.so
b771c000-b771d000 r--p 00007000 08:02 6567165    /lib/i386-linux-gnu/libnss_compat-2.21.so
b771d000-b771e000 rw-p 00008000 08:02 6567165    /lib/i386-linux-gnu/libnss_compat-2.21.so
b771e000-b771f000 rw-p 00000000 00:00 0 
b771f000-b7720000 ---p 00000000 00:00 0 
b7720000-b772e000 r-xp 00000000 08:02 4866558    /usr/lib/jvm/java-7-openjdk-i386/jre/lib/i386/libverify.so
b772e000-b772f000 r--p 0000d000 08:02 4866558    /usr/lib/jvm/java-7-openjdk-i386/jre/lib/i386/libverify.so
b772f000-b7730000 rw-p 0000e000 08:02 4866558    /usr/lib/jvm/java-7-openjdk-i386/jre/lib/i386/libverify.so
b7730000-b773c000 r-xp 00000000 08:02 4866559    /usr/lib/jvm/java-7-openjdk-i386/jre/lib/i386/jli/libjli.so
b773c000-b773d000 r--p 0000b000 08:02 4866559    /usr/lib/jvm/java-7-openjdk-i386/jre/lib/i386/jli/libjli.so
b773d000-b773e000 rw-p 0000c000 08:02 4866559    /usr/lib/jvm/java-7-openjdk-i386/jre/lib/i386/jli/libjli.so
b773e000-b7741000 rw-p 00000000 00:00 0 
b7741000-b7743000 r--p 00000000 00:00 0          [vvar]
b7743000-b7744000 r-xp 00000000 00:00 0          [vdso]
b7744000-b7766000 r-xp 00000000 08:02 6567172    /lib/i386-linux-gnu/ld-2.21.so
b7766000-b7767000 r--p 00021000 08:02 6567172    /lib/i386-linux-gnu/ld-2.21.so
b7767000-b7768000 rw-p 00022000 08:02 6567172    /lib/i386-linux-gnu/ld-2.21.so
bff22000-bff23000 rwxp 00000000 00:00 0 
bff54000-bff76000 rw-p 00000000 00:00 0          [stack]

VM Arguments:
jvm_args: -Djava.awt.headless=true -Xmx1024M -Dfile.encoding=UTF-8 -Duser.country=BR -Duser.language=pt -Duser.variant 
java_command: com.android.dx.command.Main --dex --num-threads=4 --output /home/amanda/projetos/mobile/OlaCalouro/app/build/intermediates/transforms/dex/debug/folders/1000/1f/main /home/amanda/projetos/mobile/OlaCalouro/app/build/intermediates/pre-dexed/debug/support-annotations-23.1.1_8011268c474168de52396c1ba852d1f0a1c0d8ea.jar /home/amanda/projetos/mobile/OlaCalouro/app/build/intermediates/pre-dexed/debug/com.google.android.gms-play-services-panorama-8.4.0_d6063ce0c96d93fd3cbb2bd473fa702ada3fe30f.jar /home/amanda/projetos/mobile/OlaCalouro/app/build/intermediates/pre-dexed/debug/internal_impl-23.0.0_99425d30dee330d7158edc0d7450f3a475d814cf.jar /home/amanda/projetos/mobile/OlaCalouro/app/build/intermediates/pre-dexed/debug/com.google.android.gms-play-services-safetynet-8.4.0_709cc4f453d115d7a8c2651bde8633e993184215.jar /home/amanda/projetos/mobile/OlaCalouro/app/build/intermediates/pre-dexed/debug/com.google.android.gms-play-services-identity-8.4.0_69af56dbec8f4552fe25400bad9d192763706e3e.jar /home/amanda/projetos/mobile/OlaCalouro/app/build/intermediates/pre-dexed/debug/com.google.android.gms-play-services-appinvite-8.4.0_73543ff44c6a3951c0d82e1ec4de54d3c4ba694e.jar /home/amanda/projetos/mobile/OlaCalouro/app/build/intermediates/pre-dexed/debug/com.google.android.gms-play-services-appindexing-8.4.0_4e8ef987819753e340ed678267256c2d33982d18.jar /home/amanda/projetos/mobile/OlaCalouro/app/build/intermediates/pre-dexed/debug/com.google.android.gms-play-services-gcm-8.4.0_d439839daf029681c4efbb6121155a9191391fcf.jar /home/amanda/projetos/mobile/OlaCalouro/app/build/intermediates/pre-dexed/debug/com.google.android.gms-play-services-vision-8.4.0_4e71183c5522d0cf1318852cdd6f49d21a60965e.jar /home/amanda/projetos/mobile/OlaCalouro/app/build/intermediates/pre-dexed/debug/com.google.android.gms-play-services-base-8.4.0_9d377af99fb2caecd3d90b738ca7cf72e56d2291.jar /home/amanda/projetos/mobile/OlaCalouro/app/build/intermediates/pre-dexed/debug/com.google.android.gms-play-ser
Launcher Type: SUN_STANDARD

Environment Variables:
JAVA_HOME=/usr/lib/jvm/java-7-openjdk-i386
PATH=/home/amanda/.sdkman/candidates/grails/current/bin:/usr/local/sbin:/usr/local/bin:/usr/sbin:/usr/bin:/sbin:/bin:/usr/games:/usr/local/games
LD_LIBRARY_PATH=/home/amanda/android-studio/bin:
SHELL=/bin/zsh
DISPLAY=:0

Signal Handlers:
SIGSEGV: [libjvm.so+0x80e7a0], sa_mask[0]=0x7ffbfeff, sa_flags=0x10000004
SIGBUS: [libjvm.so+0x80e7a0], sa_mask[0]=0x7ffbfeff, sa_flags=0x10000004
SIGFPE: [libjvm.so+0x688640], sa_mask[0]=0x7ffbfeff, sa_flags=0x10000004
SIGPIPE: [libjvm.so+0x688640], sa_mask[0]=0x7ffbfeff, sa_flags=0x10000004
SIGXFSZ: [libjvm.so+0x688640], sa_mask[0]=0x7ffbfeff, sa_flags=0x10000004
SIGILL: [libjvm.so+0x688640], sa_mask[0]=0x7ffbfeff, sa_flags=0x10000004
SIGUSR1: SIG_DFL, sa_mask[0]=0x00000000, sa_flags=0x00000000
SIGUSR2: [libjvm.so+0x688490], sa_mask[0]=0x00000004, sa_flags=0x10000004
SIGHUP: [libjvm.so+0x688670], sa_mask[0]=0x7ffbfeff, sa_flags=0x10000004
SIGINT: [libjvm.so+0x688670], sa_mask[0]=0x7ffbfeff, sa_flags=0x10000004
SIGTERM: [libjvm.so+0x688670], sa_mask[0]=0x7ffbfeff, sa_flags=0x10000004
SIGQUIT: [libjvm.so+0x688670], sa_mask[0]=0x7ffbfeff, sa_flags=0x10000004
SIGTRAP: SIG_DFL, sa_mask[0]=0x00000000, sa_flags=0x00000000


---------------  S Y S T E M  ---------------

OS:Ubuntu 15.10 (wily)
uname:Linux 4.2.0-30-generic #36-Ubuntu SMP Fri Feb 26 00:57:19 UTC 2016 i686
libc:glibc 2.21 NPTL 2.21 
rlimit: STACK 8192k, CORE 0k, NPROC 30975, NOFILE 65536, AS infinity
load average:2,20 1,89 1,67

/proc/meminfo:
MemTotal:        3997896 kB
MemFree:          122240 kB
MemAvailable:     180328 kB
Buffers:            8328 kB
Cached:           432228 kB
SwapCached:         9996 kB
Active:          2780004 kB
Inactive:         986656 kB
Active(anon):    2747624 kB
Inactive(anon):   960116 kB
Active(file):      32380 kB
Inactive(file):    26540 kB
Unevictable:         112 kB
Mlocked:             112 kB
HighTotal:       3146648 kB
HighFree:           5664 kB
LowTotal:         851248 kB
LowFree:          116576 kB
SwapTotal:        578556 kB
SwapFree:              0 kB
Dirty:               296 kB
Writeback:             0 kB
AnonPages:       3316508 kB
Mapped:           189072 kB
Shmem:            381544 kB
Slab:              50500 kB
SReclaimable:      24236 kB
SUnreclaim:        26264 kB
KernelStack:        5224 kB
PageTables:        17728 kB
NFS_Unstable:          0 kB
Bounce:                0 kB
WritebackTmp:          0 kB
CommitLimit:     2577504 kB
Committed_AS:    8862676 kB
VmallocTotal:     122880 kB
VmallocUsed:       32632 kB
VmallocChunk:      63580 kB
AnonHugePages:   1333248 kB
CmaTotal:              0 kB
CmaFree:               0 kB
HugePages_Total:       0
HugePages_Free:        0
HugePages_Rsvd:        0
HugePages_Surp:        0
Hugepagesize:       2048 kB
DirectMap4k:       49144 kB
DirectMap2M:      862208 kB


CPU:total 4 (2 cores per cpu, 2 threads per core) family 6 model 58 stepping 9, cmov, cx8, fxsr, mmx, sse, sse2, sse3, ssse3, sse4.1, sse4.2, popcnt, avx, aes, erms, ht, tsc, tscinvbit, tscinv

/proc/cpuinfo:
processor	: 0
vendor_id	: GenuineIntel
cpu family	: 6
model		: 58
model name	: Intel(R) Core(TM) i5-3337U CPU @ 1.80GHz
stepping	: 9
microcode	: 0x1b
cpu MHz		: 2500.523
cache size	: 3072 KB
physical id	: 0
siblings	: 4
core id		: 0
cpu cores	: 2
apicid		: 0
initial apicid	: 0
fdiv_bug	: no
f00f_bug	: no
coma_bug	: no
fpu		: yes
fpu_exception	: yes
cpuid level	: 13
wp		: yes
flags		: fpu vme de pse tsc msr pae mce cx8 apic sep mtrr pge mca cmov pat pse36 clflush dts acpi mmx fxsr sse sse2 ss ht tm pbe nx rdtscp lm constant_tsc arch_perfmon pebs bts xtopology nonstop_tsc aperfmperf eagerfpu pni pclmulqdq dtes64 monitor ds_cpl vmx est tm2 ssse3 cx16 xtpr pdcm pcid sse4_1 sse4_2 x2apic popcnt tsc_deadline_timer aes xsave avx f16c rdrand lahf_lm ida arat epb pln pts dtherm tpr_shadow vnmi flexpriority ept vpid fsgsbase smep erms xsaveopt
bugs		:
bogomips	: 3591.86
clflush size	: 64
cache_alignment	: 64
address sizes	: 36 bits physical, 48 bits virtual
power management:

processor	: 1
vendor_id	: GenuineIntel
cpu family	: 6
model		: 58
model name	: Intel(R) Core(TM) i5-3337U CPU @ 1.80GHz
stepping	: 9
microcode	: 0x1b
cpu MHz		: 2660.273
cache size	: 3072 KB
physical id	: 0
siblings	: 4
core id		: 1
cpu cores	: 2
apicid		: 2
initial apicid	: 2
fdiv_bug	: no
f00f_bug	: no
coma_bug	: no
fpu		: yes
fpu_exception	: yes
cpuid level	: 13
wp		: yes
flags		: fpu vme de pse tsc msr pae mce cx8 apic sep mtrr pge mca cmov pat pse36 clflush dts acpi mmx fxsr sse sse2 ss ht tm pbe nx rdtscp lm constant_tsc arch_perfmon pebs bts xtopology nonstop_tsc aperfmperf eagerfpu pni pclmulqdq dtes64 monitor ds_cpl vmx est tm2 ssse3 cx16 xtpr pdcm pcid sse4_1 sse4_2 x2apic popcnt tsc_deadline_timer aes xsave avx f16c rdrand lahf_lm ida arat epb pln pts dtherm tpr_shadow vnmi flexpriority ept vpid fsgsbase smep erms xsaveopt
bugs		:
bogomips	: 3591.86
clflush size	: 64
cache_alignment	: 64
address sizes	: 36 bits physical, 48 bits virtual
power management:

processor	: 2
vendor_id	: GenuineIntel
cpu family	: 6
model		: 58
model name	: Intel(R) Core(TM) i5-3337U CPU @ 1.80GHz
stepping	: 9
microcode	: 0x1b
cpu MHz		: 2499.960
cache size	: 3072 KB
physical id	: 0
siblings	: 4
core id		: 0
cpu cores	: 2
apicid		: 1
initial apicid	: 1
fdiv_bug	: no
f00f_bug	: no
coma_bug	: no
fpu		: yes
fpu_exception	: yes
cpuid level	: 13
wp		: yes
flags		: fpu vme de pse tsc msr pae mce cx8 apic sep mtrr pge mca cmov pat pse36 clflush dts acpi mmx fxsr sse sse2 ss ht tm pbe nx rdtscp lm constant_tsc arch_perfmon pebs bts xtopology nonstop_tsc aperfmperf eagerfpu pni pclmulqdq dtes64 monitor ds_cpl vmx est tm2 ssse3 cx16 xtpr pdcm pcid sse4_1 sse4_2 x2apic popcnt tsc_deadline_timer aes xsave avx f16c rdrand lahf_lm ida arat epb pln pts dtherm tpr_shadow vnmi flexpriority ept vpid fsgsbase smep erms xsaveopt
bugs		:
bogomips	: 3591.86
clflush size	: 64
cache_alignment	: 64
address sizes	: 36 bits physical, 48 bits virtual
power management:

processor	: 3
vendor_id	: GenuineIntel
cpu family	: 6
model		: 58
model name	: Intel(R) Core(TM) i5-3337U CPU @ 1.80GHz
stepping	: 9
microcode	: 0x1b
cpu MHz		: 2640.585
cache size	: 3072 KB
physical id	: 0
siblings	: 4
core id		: 1
cpu cores	: 2
apicid		: 3
initial apicid	: 3
fdiv_bug	: no
f00f_bug	: no
coma_bug	: no
fpu		: yes
fpu_exception	: yes
cpuid level	: 13
wp		: yes
flags		: fpu vme de pse tsc msr pae mce cx8 apic sep mtrr pge mca cmov pat pse36 clflush dts acpi mmx fxsr sse sse2 ss ht tm pbe nx rdtscp lm constant_tsc arch_perfmon pebs bts xtopology nonstop_tsc aperfmperf eagerfpu pni pclmulqdq dtes64 monitor ds_cpl vmx est tm2 ssse3 cx16 xtpr pdcm pcid sse4_1 sse4_2 x2apic popcnt tsc_deadline_timer aes xsave avx f16c rdrand lahf_lm ida arat epb pln pts dtherm tpr_shadow vnmi flexpriority ept vpid fsgsbase smep erms xsaveopt
bugs		:
bogomips	: 3591.86
clflush size	: 64
cache_alignment	: 64
address sizes	: 36 bits physical, 48 bits virtual
power management:



Memory: 4k page, physical 3997896k(122240k free), swap 578556k(0k free)

vm_info: OpenJDK Server VM (24.95-b01) for linux-x86 JRE (1.7.0_95-b00), built on Jan 21 2016 03:34:30 by "buildd" with gcc 5.2.1 20151010

time: Mon Feb 29 21:01:47 2016
elapsed time: 2 seconds

