#
# There is insufficient memory for the Java Runtime Environment to continue.
# Native memory allocation (malloc) failed to allocate 127926272 bytes for committing reserved memory.
# Possible reasons:
#   The system is out of physical RAM or swap space
#   In 32 bit mode, the process size limit was hit
# Possible solutions:
#   Reduce memory load on the system
#   Increase physical memory or swap space
#   Check if swap backing store is full
#   Use 64 bit Java on a 64 bit OS
#   Decrease Java heap size (-Xmx/-Xms)
#   Decrease number of Java threads
#   Decrease Java thread stack sizes (-Xss)
#   Set larger code cache with -XX:ReservedCodeCacheSize=
# This output file may be truncated or incomplete.
#
#  Out of Memory Error (os_linux.cpp:2827), pid=6089, tid=1740430144
#
# JRE version: OpenJDK Runtime Environment (7.0_95) (build 1.7.0_95-b00)
# Java VM: OpenJDK Server VM (24.95-b01 mixed mode linux-x86 )
# Derivative: IcedTea 2.6.4
# Distribution: Ubuntu 15.10, package 7u95-2.6.4-0ubuntu0.15.10.1
# Failed to write core dump. Core dumps have been disabled. To enable core dumping, try "ulimit -c unlimited" before starting Java again
#

---------------  T H R E A D  ---------------

Current thread (0x67a80800):  VMThread [stack: 0x67b4d000,0x67bce000] [id=6114]

Stack: [0x67b4d000,0x67bce000]
VM_Operation (0x66ab2ab4): ParallelGCFailedAllocation, mode: safepoint, requested by thread 0x67254000


---------------  P R O C E S S  ---------------

Java Threads: ( => current thread )
  0x67255800 JavaThread "pool-1-thread-4" [_thread_blocked, id=6158, stack(0x66a12000,0x66a63000)]
  0x67254000 JavaThread "pool-1-thread-3" [_thread_blocked, id=6153, stack(0x66a63000,0x66ab4000)]
  0x67253800 JavaThread "pool-1-thread-2" [_thread_blocked, id=6152, stack(0x66ab4000,0x66b05000)]
  0x67246400 JavaThread "pool-2-thread-1" [_thread_blocked, id=6146, stack(0x66b05000,0x66b56000)]
  0x67244c00 JavaThread "pool-1-thread-1" [_thread_blocked, id=6144, stack(0x67124000,0x67175000)]
  0x67a9c000 JavaThread "Service Thread" daemon [_thread_blocked, id=6135, stack(0x6740b000,0x6745c000)]
  0x67a9a400 JavaThread "C2 CompilerThread1" daemon [_thread_blocked, id=6134, stack(0x6745c000,0x674dd000)]
  0x67a98400 JavaThread "C2 CompilerThread0" daemon [_thread_blocked, id=6133, stack(0x674dd000,0x6755e000)]
  0x67a96800 JavaThread "Signal Dispatcher" daemon [_thread_blocked, id=6132, stack(0x6755e000,0x675af000)]
  0x67a84c00 JavaThread "Finalizer" daemon [_thread_blocked, id=6118, stack(0x677af000,0x67800000)]
  0x67a83000 JavaThread "Reference Handler" daemon [_thread_blocked, id=6116, stack(0x6a72e000,0x6a77f000)]
  0xb6207c00 JavaThread "main" [_thread_blocked, id=6093, stack(0xb6396000,0xb63e7000)]

Other Threads:
=>0x67a80800 VMThread [stack: 0x67b4d000,0x67bce000] [id=6114]
  0x67a9dc00 WatcherThread [stack: 0x6738a000,0x6740b000] [id=6136]

VM state:at safepoint (normal execution)

VM Mutex/Monitor currently owned by a thread:  ([mutex/lock_event])
[0xb6204db8] ExpandHeap_lock - owner thread: 0x67a80800
[0xb6205300] Threads_lock - owner thread: 0x67a80800
[0xb6205710] Heap_lock - owner thread: 0x67254000

Heap
 PSYoungGen      total 246784K, used 0K [0x9dbc0000, 0xb3140000, 0xb3140000)
  eden space 140544K, 0% used [0x9dbc0000,0x9dbc0000,0xa6500000)
  from space 106240K, 0% used [0xac980000,0xac980000,0xb3140000)
  to   space 102912K, 0% used [0xa6500000,0xa6500000,0xac980000)
 ParOldGen       total 263936K, used 236824K [0x73140000, 0x83300000, 0x9dbc0000)
  object space 263936K, 89% used [0x73140000,0x818863d0,0x83300000)
 PSPermGen       total 16384K, used 4280K [0x6b140000, 0x6c140000, 0x73140000)
  object space 16384K, 26% used [0x6b140000,0x6b56e170,0x6c140000)

Card table byte_map: [0x6aeff000,0x6b140000] byte_map_base: 0x6aba6600

Polling page: 0xb77b1000

Code Cache  [0xb3200000, 0xb34b8000, 0xb6200000)
 total_blobs=887 nmethods=764 adapters=76 free_code_cache=46409Kb largest_free_block=47489600

Compilation events (10 events):
Event: 46,942 Thread 0x67a9a400 nmethod 774 0xb332f388 code [0xb332f640, 0xb33304e0]
Event: 46,942 Thread 0x67a9a400  779             com.android.dx.ssa.SsaMethod::forEachBlockDepthFirst (194 bytes)
Event: 47,156 Thread 0x67a9a400 nmethod 779 0xb34b2a88 code [0xb34b2ce0, 0xb34b3ce4]
Event: 47,156 Thread 0x67a9a400  780             com.android.dx.rop.code.Rops::opGetField (97 bytes)
Event: 47,158 Thread 0x67a9a400 nmethod 780 0xb34a8ec8 code [0xb34a8fe0, 0xb34a911c]
Event: 47,158 Thread 0x67a9a400  781             com.android.dx.rop.code.RegisterSpecList::getType (12 bytes)
Event: 47,159 Thread 0x67a9a400 nmethod 781 0xb34b1e88 code [0xb34b1f80, 0xb34b2070]
Event: 47,160 Thread 0x67a9a400  782             com.android.dx.rop.cst.CstBaseMethodRef::getPrototype (41 bytes)
Event: 47,161 Thread 0x67a9a400 nmethod 782 0xb34b1c08 code [0xb34b1d00, 0xb34b1dbc]
Event: 47,161 Thread 0x67a9a400  783   !         com.android.dx.cf.code.BytecodeArray::parseInstruction (2764 bytes)

GC Heap History (10 events):
Event: 37,406 GC heap after
Heap after GC invocations=16 (full 3):
 PSYoungGen      total 223744K, used 30039K [0x9dbc0000, 0xb2140000, 0xb3140000)
  eden space 141056K, 0% used [0x9dbc0000,0x9dbc0000,0xa6580000)
  from space 82688K, 36% used [0xa6580000,0xa82d5db0,0xab640000)
  to   space 77568K, 0% used [0xad580000,0xad580000,0xb2140000)
 ParOldGen       total 291328K, used 200638K [0x73140000, 0x84dc0000, 0x9dbc0000)
  object space 291328K, 68% used [0x73140000,0x7f52f8b8,0x84dc0000)
 PSPermGen       total 16384K, used 4273K [0x6b140000, 0x6c140000, 0x73140000)
  object space 16384K, 26% used [0x6b140000,0x6b56c400,0x6c140000)
}
Event: 40,369 GC heap before
{Heap before GC invocations=17 (full 3):
 PSYoungGen      total 223744K, used 171095K [0x9dbc0000, 0xb2140000, 0xb3140000)
  eden space 141056K, 100% used [0x9dbc0000,0xa6580000,0xa6580000)
  from space 82688K, 36% used [0xa6580000,0xa82d5db0,0xab640000)
  to   space 77568K, 0% used [0xad580000,0xad580000,0xb2140000)
 ParOldGen       total 291328K, used 200638K [0x73140000, 0x84dc0000, 0x9dbc0000)
  object space 291328K, 68% used [0x73140000,0x7f52f8b8,0x84dc0000)
 PSPermGen       total 16384K, used 4278K [0x6b140000, 0x6c140000, 0x73140000)
  object space 16384K, 26% used [0x6b140000,0x6b56d980,0x6c140000)
Event: 43,475 GC heap after
Heap after GC invocations=17 (full 3):
 PSYoungGen      total 219392K, used 77565K [0x9dbc0000, 0xb3140000, 0xb3140000)
  eden space 141824K, 0% used [0x9dbc0000,0x9dbc0000,0xa6640000)
  from space 77568K, 99% used [0xad580000,0xb213f758,0xb2140000)
  to   space 103936K, 0% used [0xa6640000,0xa6640000,0xacbc0000)
 ParOldGen       total 291328K, used 236550K [0x73140000, 0x84dc0000, 0x9dbc0000)
  object space 291328K, 81% used [0x73140000,0x81841ad0,0x84dc0000)
 PSPermGen       total 16384K, used 4278K [0x6b140000, 0x6c140000, 0x73140000)
  object space 16384K, 26% used [0x6b140000,0x6b56d980,0x6c140000)
}
Event: 43,524 GC heap before
{Heap before GC invocations=18 (full 4):
 PSYoungGen      total 219392K, used 77565K [0x9dbc0000, 0xb3140000, 0xb3140000)
  eden space 141824K, 0% used [0x9dbc0000,0x9dbc0000,0xa6640000)
  from space 77568K, 99% used [0xad580000,0xb213f758,0xb2140000)
  to   space 103936K, 0% used [0xa6640000,0xa6640000,0xacbc0000)
 ParOldGen       total 291328K, used 236550K [0x73140000, 0x84dc0000, 0x9dbc0000)
  object space 291328K, 81% used [0x73140000,0x81841ad0,0x84dc0000)
 PSPermGen       total 16384K, used 4278K [0x6b140000, 0x6c140000, 0x73140000)
  object space 16384K, 26% used [0x6b140000,0x6b56d980,0x6c140000)
Event: 45,491 GC heap after
Heap after GC invocations=18 (full 4):
 PSYoungGen      total 219392K, used 0K [0x9dbc0000, 0xb3140000, 0xb3140000)
  eden space 141824K, 0% used [0x9dbc0000,0x9dbc0000,0xa6640000)
  from space 77568K, 0% used [0xad580000,0xad580000,0xb2140000)
  to   space 103936K, 0% used [0xa6640000,0xa6640000,0xacbc0000)
 ParOldGen       total 263936K, used 139554K [0x73140000, 0x83300000, 0x9dbc0000)
  object space 263936K, 52% used [0x73140000,0x7b988af8,0x83300000)
 PSPermGen       total 16384K, used 4278K [0x6b140000, 0x6c140000, 0x73140000)
  object space 16384K, 26% used [0x6b140000,0x6b56d8e0,0x6c140000)
}
Event: 46,185 GC heap before
{Heap before GC invocations=19 (full 4):
 PSYoungGen      total 219392K, used 141824K [0x9dbc0000, 0xb3140000, 0xb3140000)
  eden space 141824K, 100% used [0x9dbc0000,0xa6640000,0xa6640000)
  from space 77568K, 0% used [0xad580000,0xad580000,0xb2140000)
  to   space 103936K, 0% used [0xa6640000,0xa6640000,0xacbc0000)
 ParOldGen       total 263936K, used 139554K [0x73140000, 0x83300000, 0x9dbc0000)
  object space 263936K, 52% used [0x73140000,0x7b988af8,0x83300000)
 PSPermGen       total 16384K, used 4279K [0x6b140000, 0x6c140000, 0x73140000)
  object space 16384K, 26% used [0x6b140000,0x6b56def8,0x6c140000)
Event: 46,818 GC heap after
Heap after GC invocations=19 (full 4):
 PSYoungGen      total 203776K, used 61790K [0x9dbc0000, 0xb3140000, 0xb3140000)
  eden space 141824K, 0% used [0x9dbc0000,0x9dbc0000,0xa6640000)
  from space 61952K, 99% used [0xa6640000,0xaa297b50,0xaa2c0000)
  to   space 106240K, 0% used [0xac980000,0xac980000,0xb3140000)
 ParOldGen       total 263936K, used 139554K [0x73140000, 0x83300000, 0x9dbc0000)
  object space 263936K, 52% used [0x73140000,0x7b988af8,0x83300000)
 PSPermGen       total 16384K, used 4279K [0x6b140000, 0x6c140000, 0x73140000)
  object space 16384K, 26% used [0x6b140000,0x6b56def8,0x6c140000)
}
Event: 47,685 GC heap before
{Heap before GC invocations=20 (full 4):
 PSYoungGen      total 203776K, used 203614K [0x9dbc0000, 0xb3140000, 0xb3140000)
  eden space 141824K, 100% used [0x9dbc0000,0xa6640000,0xa6640000)
  from space 61952K, 99% used [0xa6640000,0xaa297b50,0xaa2c0000)
  to   space 106240K, 0% used [0xac980000,0xac980000,0xb3140000)
 ParOldGen       total 263936K, used 139554K [0x73140000, 0x83300000, 0x9dbc0000)
  object space 263936K, 52% used [0x73140000,0x7b988af8,0x83300000)
 PSPermGen       total 16384K, used 4280K [0x6b140000, 0x6c140000, 0x73140000)
  object space 16384K, 26% used [0x6b140000,0x6b56e1b0,0x6c140000)
Event: 47,810 GC heap after
Heap after GC invocations=20 (full 4):
 PSYoungGen      total 246784K, used 48684K [0x9dbc0000, 0xb3140000, 0xb3140000)
  eden space 140544K, 0% used [0x9dbc0000,0x9dbc0000,0xa6500000)
  from space 106240K, 45% used [0xac980000,0xaf90b050,0xb3140000)
  to   space 102912K, 0% used [0xa6500000,0xa6500000,0xac980000)
 ParOldGen       total 263936K, used 211633K [0x73140000, 0x83300000, 0x9dbc0000)
  object space 263936K, 80% used [0x73140000,0x7ffec7a0,0x83300000)
 PSPermGen       total 16384K, used 4280K [0x6b140000, 0x6c140000, 0x73140000)
  object space 16384K, 26% used [0x6b140000,0x6b56e1b0,0x6c140000)
}
Event: 47,810 GC heap before
{Heap before GC invocations=21 (full 5):
 PSYoungGen      total 246784K, used 48684K [0x9dbc0000, 0xb3140000, 0xb3140000)
  eden space 140544K, 0% used [0x9dbc0000,0x9dbc0000,0xa6500000)
  from space 106240K, 45% used [0xac980000,0xaf90b050,0xb3140000)
  to   space 102912K, 0% used [0xa6500000,0xa6500000,0xac980000)
 ParOldGen       total 263936K, used 211633K [0x73140000, 0x83300000, 0x9dbc0000)
  object space 263936K, 80% used [0x73140000,0x7ffec7a0,0x83300000)
 PSPermGen       total 16384K, used 4280K [0x6b140000, 0x6c140000, 0x73140000)
  object space 16384K, 26% used [0x6b140000,0x6b56e1b0,0x6c140000)

Deoptimization events (10 events):
Event: 31,957 Thread 0x67254000 Uncommon trap: reason=class_check action=maybe_recompile pc=0xb328dfd0 method=com.android.dx.ssa.SsaConverter.placePhiFunctions(Lcom/android/dx/ssa/SsaMethod;Lcom/android/dx/ssa/LocalVariableInfo;I)V @ 257
Event: 32,123 Thread 0x67253800 Uncommon trap: reason=class_check action=maybe_recompile pc=0xb328dfd0 method=com.android.dx.ssa.SsaConverter.placePhiFunctions(Lcom/android/dx/ssa/SsaMethod;Lcom/android/dx/ssa/LocalVariableInfo;I)V @ 257
Event: 32,174 Thread 0x67255800 Uncommon trap: reason=class_check action=maybe_recompile pc=0xb328dfd0 method=com.android.dx.ssa.SsaConverter.placePhiFunctions(Lcom/android/dx/ssa/SsaMethod;Lcom/android/dx/ssa/LocalVariableInfo;I)V @ 257
Event: 32,176 Thread 0xb6207c00 Uncommon trap: reason=unstable_if action=reinterpret pc=0xb332efe8 method=com.android.dx.ssa.SCCP.simulateStmt(Lcom/android/dx/ssa/SsaInsn;)V @ 59
Event: 36,498 Thread 0x67254000 Uncommon trap: reason=class_check action=maybe_recompile pc=0xb33b9b78 method=com.android.dx.ssa.back.InterferenceGraph.mergeInterferenceSet(ILcom/android/dx/util/IntSet;)V @ 20
Event: 36,690 Thread 0x67253800 Uncommon trap: reason=class_check action=maybe_recompile pc=0xb33b9b78 method=com.android.dx.ssa.back.InterferenceGraph.mergeInterferenceSet(ILcom/android/dx/util/IntSet;)V @ 20
Event: 36,795 Thread 0x67255800 Uncommon trap: reason=class_check action=maybe_recompile pc=0xb33b9b78 method=com.android.dx.ssa.back.InterferenceGraph.mergeInterferenceSet(ILcom/android/dx/util/IntSet;)V @ 20
Event: 38,034 Thread 0x67244c00 Uncommon trap: reason=class_check action=maybe_recompile pc=0xb33b9b78 method=com.android.dx.ssa.back.InterferenceGraph.mergeInterferenceSet(ILcom/android/dx/util/IntSet;)V @ 20
Event: 38,300 Thread 0xb6207c00 Uncommon trap: reason=class_check action=maybe_recompile pc=0xb32e2408 method=com.android.dx.ssa.SCCP.simulateBranch(Lcom/android/dx/ssa/SsaInsn;)V @ 145
Event: 38,714 Thread 0xb6207c00 Uncommon trap: reason=unstable_if action=reinterpret pc=0xb3327f0c method=com.android.dx.cf.code.Merger.mergeStack(Lcom/android/dx/cf/code/ExecutionStack;Lcom/android/dx/cf/code/ExecutionStack;)Lcom/android/dx/cf/code/ExecutionStack; @ 2

Internal exceptions (10 events):
Event: 2,816 Thread 0x67253800 Threw 0x9ea65ce8 at /build/openjdk-7-Nflms6/openjdk-7-7u95-2.6.4/build/openjdk/hotspot/src/share/vm/prims/jvm.cpp:1322
Event: 2,816 Thread 0x67253800 Threw 0x9ea6bba8 at /build/openjdk-7-Nflms6/openjdk-7-7u95-2.6.4/build/openjdk/hotspot/src/share/vm/prims/jvm.cpp:1322
Event: 2,817 Thread 0x67253800 Threw 0x9ea71828 at /build/openjdk-7-Nflms6/openjdk-7-7u95-2.6.4/build/openjdk/hotspot/src/share/vm/prims/jvm.cpp:1322
Event: 5,397 Thread 0xb6207c00 Threw 0x9ede3748 at /build/openjdk-7-Nflms6/openjdk-7-7u95-2.6.4/build/openjdk/hotspot/src/share/vm/prims/jvm.cpp:1322
Event: 6,862 Thread 0x67253800 Threw 0x9ddefd58 at /build/openjdk-7-Nflms6/openjdk-7-7u95-2.6.4/build/openjdk/hotspot/src/share/vm/prims/jvm.cpp:1322
Event: 7,307 Thread 0x67255800 Threw 0x9e379cc8 at /build/openjdk-7-Nflms6/openjdk-7-7u95-2.6.4/build/openjdk/hotspot/src/share/vm/prims/jvm.cpp:1322
Event: 8,951 Thread 0xb6207c00 Implicit null exception at 0xb32adf22 to 0xb32ae4ad
Event: 17,153 Thread 0xb6207c00 Threw 0xa0848d38 at /build/openjdk-7-Nflms6/openjdk-7-7u95-2.6.4/build/openjdk/hotspot/src/share/vm/prims/jvm.cpp:1322
Event: 17,230 Thread 0xb6207c00 Threw 0xa0912f00 at /build/openjdk-7-Nflms6/openjdk-7-7u95-2.6.4/build/openjdk/hotspot/src/share/vm/prims/jvm.cpp:1322
Event: 23,419 Thread 0xb6207c00 Implicit null exception at 0xb331e3b8 to 0xb3321259

Events (10 events):
Event: 38,714 Thread 0xb6207c00 Uncommon trap: trap_request=0xffffff75 fr.pc=0xb3327f0c
Event: 38,714 Thread 0xb6207c00 DEOPT PACKING pc=0xb3327f0c sp=0xb63e57f0
Event: 38,714 Thread 0xb6207c00 DEOPT UNPACKING pc=0xb322cbc8 sp=0xb63e574c mode 2
Event: 40,335 Executing VM operation: ParallelGCFailedAllocation
Event: 45,866 Executing VM operation: ParallelGCFailedAllocation done
Event: 46,015 Thread 0x67a9a400 flushing nmethod 0xb328c6c8
Event: 46,074 Thread 0x67a98400 flushing nmethod 0xb332e008
Event: 46,171 Executing VM operation: ParallelGCFailedAllocation
Event: 46,818 Executing VM operation: ParallelGCFailedAllocation done
Event: 47,683 Executing VM operation: ParallelGCFailedAllocation


Dynamic libraries:
08048000-08049000 r-xp 00000000 08:02 4860681    /usr/lib/jvm/java-7-openjdk-i386/jre/bin/java
08049000-0804a000 r--p 00000000 08:02 4860681    /usr/lib/jvm/java-7-openjdk-i386/jre/bin/java
0804a000-0804b000 rw-p 00001000 08:02 4860681    /usr/lib/jvm/java-7-openjdk-i386/jre/bin/java
09a5a000-09ae4000 rw-p 00000000 00:00 0          [heap]
65200000-652e6000 rw-p 00000000 00:00 0 
652e6000-65300000 ---p 00000000 00:00 0 
65400000-654ff000 rw-p 00000000 00:00 0 
654ff000-65500000 ---p 00000000 00:00 0 
65500000-655e0000 rw-p 00000000 00:00 0 
655e0000-65600000 ---p 00000000 00:00 0 
65600000-656ff000 rw-p 00000000 00:00 0 
656ff000-65700000 ---p 00000000 00:00 0 
65800000-658fe000 rw-p 00000000 00:00 0 
658fe000-65900000 ---p 00000000 00:00 0 
65900000-659fa000 rw-p 00000000 00:00 0 
659fa000-65a00000 ---p 00000000 00:00 0 
65a00000-65aff000 rw-p 00000000 00:00 0 
65aff000-65b00000 ---p 00000000 00:00 0 
65b00000-65bf1000 rw-p 00000000 00:00 0 
65bf1000-65c00000 ---p 00000000 00:00 0 
65c00000-65cf9000 rw-p 00000000 00:00 0 
65cf9000-65d00000 ---p 00000000 00:00 0 
65d00000-65efb000 rw-p 00000000 00:00 0 
65efb000-65f00000 ---p 00000000 00:00 0 
65f00000-65ffe000 rw-p 00000000 00:00 0 
65ffe000-66000000 ---p 00000000 00:00 0 
66100000-661f9000 rw-p 00000000 00:00 0 
661f9000-66200000 ---p 00000000 00:00 0 
66200000-66300000 rw-p 00000000 00:00 0 
66300000-663ff000 rw-p 00000000 00:00 0 
663ff000-66400000 ---p 00000000 00:00 0 
66400000-664f1000 rw-p 00000000 00:00 0 
664f1000-66500000 ---p 00000000 00:00 0 
66500000-66600000 rw-p 00000000 00:00 0 
66600000-666e5000 rw-p 00000000 00:00 0 
666e5000-66700000 ---p 00000000 00:00 0 
66700000-667f4000 rw-p 00000000 00:00 0 
667f4000-66800000 ---p 00000000 00:00 0 
66800000-668ff000 rw-p 00000000 00:00 0 
668ff000-66900000 ---p 00000000 00:00 0 
66900000-669e9000 rw-p 00000000 00:00 0 
669e9000-66a00000 ---p 00000000 00:00 0 
66a12000-66a15000 ---p 00000000 00:00 0 
66a15000-66a63000 rw-p 00000000 00:00 0          [stack:6158]
66a63000-66a66000 ---p 00000000 00:00 0 
66a66000-66ab4000 rw-p 00000000 00:00 0          [stack:6153]
66ab4000-66ab7000 ---p 00000000 00:00 0 
66ab7000-66b05000 rw-p 00000000 00:00 0          [stack:6152]
66b05000-66b08000 ---p 00000000 00:00 0 
66b08000-66d17000 rw-p 00000000 00:00 0          [stack:6146]
66d17000-66e3c000 r-xp 00000000 08:02 6558160    /lib/i386-linux-gnu/libglib-2.0.so.0.4600.1
66e3c000-66e3d000 r--p 00124000 08:02 6558160    /lib/i386-linux-gnu/libglib-2.0.so.0.4600.1
66e3d000-66e3e000 rw-p 00125000 08:02 6558160    /lib/i386-linux-gnu/libglib-2.0.so.0.4600.1
66e3e000-66ffb000 r-xp 00000000 08:02 4853793    /usr/lib/i386-linux-gnu/libgio-2.0.so.0.4600.1
66ffb000-66ffc000 ---p 001bd000 08:02 4853793    /usr/lib/i386-linux-gnu/libgio-2.0.so.0.4600.1
66ffc000-66ffe000 r--p 001bd000 08:02 4853793    /usr/lib/i386-linux-gnu/libgio-2.0.so.0.4600.1
66ffe000-66fff000 rw-p 001bf000 08:02 4853793    /usr/lib/i386-linux-gnu/libgio-2.0.so.0.4600.1
66fff000-67000000 rw-p 00000000 00:00 0 
67000000-670f7000 rw-p 00000000 00:00 0 
670f7000-67100000 ---p 00000000 00:00 0 
67124000-67127000 ---p 00000000 00:00 0 
67127000-67175000 rw-p 00000000 00:00 0          [stack:6144]
67175000-671e6000 r-xp 00000000 08:02 6553670    /lib/i386-linux-gnu/libpcre.so.3.13.1
671e6000-671e7000 r--p 00070000 08:02 6553670    /lib/i386-linux-gnu/libpcre.so.3.13.1
671e7000-671e8000 rw-p 00071000 08:02 6553670    /lib/i386-linux-gnu/libpcre.so.3.13.1
671e8000-671fc000 r-xp 00000000 08:02 6567181    /lib/i386-linux-gnu/libresolv-2.21.so
671fc000-671fd000 r--p 00013000 08:02 6567181    /lib/i386-linux-gnu/libresolv-2.21.so
671fd000-671fe000 rw-p 00014000 08:02 6567181    /lib/i386-linux-gnu/libresolv-2.21.so
671fe000-67200000 rw-p 00000000 00:00 0 
67200000-6726b000 rw-p 00000000 00:00 0 
6726b000-67300000 ---p 00000000 00:00 0 
67303000-67328000 r-xp 00000000 08:02 6553672    /lib/i386-linux-gnu/libselinux.so.1
67328000-67329000 r--p 00024000 08:02 6553672    /lib/i386-linux-gnu/libselinux.so.1
67329000-6732a000 rw-p 00025000 08:02 6553672    /lib/i386-linux-gnu/libselinux.so.1
6732a000-6732b000 rw-p 00000000 00:00 0 
6732b000-67387000 r-xp 00000000 08:02 4853335    /usr/lib/i386-linux-gnu/libgobject-2.0.so.0.4600.1
67387000-67388000 ---p 0005c000 08:02 4853335    /usr/lib/i386-linux-gnu/libgobject-2.0.so.0.4600.1
67388000-67389000 r--p 0005c000 08:02 4853335    /usr/lib/i386-linux-gnu/libgobject-2.0.so.0.4600.1
67389000-6738a000 rw-p 0005d000 08:02 4853335    /usr/lib/i386-linux-gnu/libgobject-2.0.so.0.4600.1
6738a000-6738b000 ---p 00000000 00:00 0 
6738b000-6740b000 rw-p 00000000 00:00 0          [stack:6136]
6740b000-6740e000 ---p 00000000 00:00 0 
6740e000-6745c000 rw-p 00000000 00:00 0          [stack:6135]
6745c000-6745f000 ---p 00000000 00:00 0 
6745f000-674dd000 rw-p 00000000 00:00 0          [stack:6134]
674dd000-674e0000 ---p 00000000 00:00 0 
674e0000-6755e000 rw-p 00000000 00:00 0          [stack:6133]
6755e000-67561000 ---p 00000000 00:00 0 
67561000-675af000 rw-p 00000000 00:00 0          [stack:6132]
675af000-677af000 r--p 00000000 08:02 4858393    /usr/lib/locale/locale-archive
677af000-677b2000 ---p 00000000 00:00 0 
677b2000-67800000 rw-p 00000000 00:00 0          [stack:6118]
67800000-678fe000 rw-p 00000000 00:00 0 
678fe000-67900000 ---p 00000000 00:00 0 
67900000-67921000 rw-p 00000000 00:00 0 
67921000-67a00000 ---p 00000000 00:00 0 
67a00000-67b00000 rw-p 00000000 00:00 0 
67b34000-67b4b000 r-xp 00000000 08:02 4866562    /usr/lib/jvm/java-7-openjdk-i386/jre/lib/i386/libnet.so
67b4b000-67b4c000 r--p 00016000 08:02 4866562    /usr/lib/jvm/java-7-openjdk-i386/jre/lib/i386/libnet.so
67b4c000-67b4d000 rw-p 00017000 08:02 4866562    /usr/lib/jvm/java-7-openjdk-i386/jre/lib/i386/libnet.so
67b4d000-67b4e000 ---p 00000000 00:00 0 
67b4e000-67bce000 rw-p 00000000 00:00 0          [stack:6114]
67bce000-67d80000 r--s 01d2f000 08:02 4866524    /usr/lib/jvm/java-7-openjdk-i386/jre/lib/rt.jar
67d80000-6a600000 rw-p 00000000 00:00 0 
6a600000-6a6fb000 rw-p 00000000 00:00 0 
6a6fb000-6a700000 ---p 00000000 00:00 0 
6a70c000-6a713000 r-xp 00000000 08:02 4858685    /usr/lib/i386-linux-gnu/libffi.so.6.0.4
6a713000-6a715000 r--p 00006000 08:02 4858685    /usr/lib/i386-linux-gnu/libffi.so.6.0.4
6a715000-6a716000 rw-p 00008000 08:02 4858685    /usr/lib/i386-linux-gnu/libffi.so.6.0.4
6a716000-6a72e000 r--s 000f5000 08:02 3167518    /home/amanda/projetos/mobile/OlaCalouro/app/build/intermediates/exploded-aar/com.google.android.gms/play-services-ads/8.4.0/jars/classes.jar
6a72e000-6a731000 ---p 00000000 00:00 0 
6a731000-6a77f000 rw-p 00000000 00:00 0          [stack:6116]
6a77f000-6a780000 ---p 00000000 00:00 0 
6a780000-6a800000 rw-p 00000000 00:00 0          [stack:6108]
6a800000-6a821000 rw-p 00000000 00:00 0 
6a821000-6a900000 ---p 00000000 00:00 0 
6a900000-6a921000 rw-p 00000000 00:00 0 
6a921000-6aa00000 ---p 00000000 00:00 0 
6aa03000-6aa13000 r-xp 00000000 08:02 4866530    /usr/lib/jvm/java-7-openjdk-i386/jre/lib/i386/libnio.so
6aa13000-6aa14000 r--p 0000f000 08:02 4866530    /usr/lib/jvm/java-7-openjdk-i386/jre/lib/i386/libnio.so
6aa14000-6aa15000 rw-p 00010000 08:02 4866530    /usr/lib/jvm/java-7-openjdk-i386/jre/lib/i386/libnio.so
6aa15000-6aa24000 r--s 000df000 08:02 3154200    /home/amanda/Android/Sdk/build-tools/23.0.2/lib/dx.jar
6aa24000-6aa7f000 rw-p 00000000 00:00 0 
6aa7f000-6aa80000 ---p 00000000 00:00 0 
6aa80000-6ab00000 rw-p 00000000 00:00 0          [stack:6106]
6ab00000-6ab31000 rw-p 00000000 00:00 0 
6ab31000-6ac00000 ---p 00000000 00:00 0 
6ac03000-6ac67000 rw-p 00000000 00:00 0 
6ac67000-6ac68000 ---p 00000000 00:00 0 
6ac68000-6ace8000 rw-p 00000000 00:00 0          [stack:6104]
6ace8000-6ace9000 ---p 00000000 00:00 0 
6ace9000-6ad71000 rw-p 00000000 00:00 0          [stack:6094]
6ad71000-6ada9000 rw-p 00000000 00:00 0 
6ada9000-6ae2a000 rw-p 00000000 00:00 0 
6ae2a000-6ae38000 ---p 00000000 00:00 0 
6ae38000-6aeff000 rw-p 00000000 00:00 0 
6aeff000-6af07000 rw-p 00000000 00:00 0 
6af07000-6af3f000 rw-p 00000000 00:00 0 
6af3f000-6afc0000 rw-p 00000000 00:00 0 
6afc0000-6afce000 ---p 00000000 00:00 0 
6afce000-6b094000 rw-p 00000000 00:00 0 
6b094000-6b13f000 rw-p 00000000 00:00 0 
6b13f000-6c140000 rw-p 00000000 00:00 0 
6c140000-73140000 rw-p 00000000 00:00 0 
73140000-83300000 rw-p 00000000 00:00 0 
8acd7000-8acde000 r--s 00000000 08:02 4852500    /usr/lib/i386-linux-gnu/gconv/gconv-modules.cache
8acde000-8ad00000 r--p 00000000 08:02 6818542    /usr/share/locale-langpack/pt_BR/LC_MESSAGES/libc.mo
8ad00000-9dbc0000 rw-p 00000000 00:00 0 
9dbc0000-b3140000 rw-p 00000000 00:00 0 
b3140000-b314b000 rw-p 00000000 00:00 0 
b314b000-b3200000 rw-p 00000000 00:00 0 
b3200000-b34b8000 rwxp 00000000 00:00 0 
b34b8000-b6300000 rw-p 00000000 00:00 0 
b6306000-b6309000 r-xp 00000000 08:02 4853797    /usr/lib/i386-linux-gnu/libgmodule-2.0.so.0.4600.1
b6309000-b630a000 r--p 00002000 08:02 4853797    /usr/lib/i386-linux-gnu/libgmodule-2.0.so.0.4600.1
b630a000-b630b000 rw-p 00003000 08:02 4853797    /usr/lib/i386-linux-gnu/libgmodule-2.0.so.0.4600.1
b630b000-b630d000 r--s 00007000 08:02 5383724    /usr/share/java/java-atk-wrapper.jar
b630d000-b630e000 r--s 00002000 08:02 4866520    /usr/lib/jvm/java-7-openjdk-i386/jre/lib/ext/dnsns.jar
b630e000-b6311000 r--s 0000f000 08:02 4866517    /usr/lib/jvm/java-7-openjdk-i386/jre/lib/ext/icedtea-sound.jar
b6311000-b631d000 r-xp 00000000 08:02 6567164    /lib/i386-linux-gnu/libnss_files-2.21.so
b631d000-b631e000 r--p 0000b000 08:02 6567164    /lib/i386-linux-gnu/libnss_files-2.21.so
b631e000-b631f000 rw-p 0000c000 08:02 6567164    /lib/i386-linux-gnu/libnss_files-2.21.so
b631f000-b632a000 r-xp 00000000 08:02 6567175    /lib/i386-linux-gnu/libnss_nis-2.21.so
b632a000-b632b000 r--p 0000a000 08:02 6567175    /lib/i386-linux-gnu/libnss_nis-2.21.so
b632b000-b632c000 rw-p 0000b000 08:02 6567175    /lib/i386-linux-gnu/libnss_nis-2.21.so
b632c000-b6343000 r-xp 00000000 08:02 6567169    /lib/i386-linux-gnu/libnsl-2.21.so
b6343000-b6344000 r--p 00016000 08:02 6567169    /lib/i386-linux-gnu/libnsl-2.21.so
b6344000-b6345000 rw-p 00017000 08:02 6567169    /lib/i386-linux-gnu/libnsl-2.21.so
b6345000-b6347000 rw-p 00000000 00:00 0 
b6347000-b634b000 r--s 0003c000 08:02 4866519    /usr/lib/jvm/java-7-openjdk-i386/jre/lib/ext/sunpkcs11.jar
b634b000-b634f000 r--s 00085000 08:02 4866516    /usr/lib/jvm/java-7-openjdk-i386/jre/lib/ext/localedata.jar
b634f000-b6353000 r--s 00034000 08:02 4866518    /usr/lib/jvm/java-7-openjdk-i386/jre/lib/ext/sunjce_provider.jar
b6353000-b635b000 r-xp 00000000 08:02 4866534    /usr/lib/jvm/java-7-openjdk-i386/jre/lib/i386/libzip.so
b635b000-b635c000 r--p 00007000 08:02 4866534    /usr/lib/jvm/java-7-openjdk-i386/jre/lib/i386/libzip.so
b635c000-b635d000 rw-p 00008000 08:02 4866534    /usr/lib/jvm/java-7-openjdk-i386/jre/lib/i386/libzip.so
b635d000-b6365000 rw-s 00000000 08:02 7612704    /tmp/hsperfdata_amanda/6089
b6365000-b638b000 r-xp 00000000 08:02 4866542    /usr/lib/jvm/java-7-openjdk-i386/jre/lib/i386/libjava.so
b638b000-b638c000 r--p 00025000 08:02 4866542    /usr/lib/jvm/java-7-openjdk-i386/jre/lib/i386/libjava.so
b638c000-b638d000 rw-p 00026000 08:02 4866542    /usr/lib/jvm/java-7-openjdk-i386/jre/lib/i386/libjava.so
b638d000-b6394000 r-xp 00000000 08:02 6567162    /lib/i386-linux-gnu/librt-2.21.so
b6394000-b6395000 r--p 00006000 08:02 6567162    /lib/i386-linux-gnu/librt-2.21.so
b6395000-b6396000 rw-p 00007000 08:02 6567162    /lib/i386-linux-gnu/librt-2.21.so
b6396000-b6399000 ---p 00000000 00:00 0 
b6399000-b63e7000 rw-p 00000000 00:00 0          [stack:6093]
b63e7000-b6403000 r-xp 00000000 08:02 6558106    /lib/i386-linux-gnu/libgcc_s.so.1
b6403000-b6404000 r--p 0001b000 08:02 6558106    /lib/i386-linux-gnu/libgcc_s.so.1
b6404000-b6405000 rw-p 0001c000 08:02 6558106    /lib/i386-linux-gnu/libgcc_s.so.1
b6405000-b6450000 r-xp 00000000 08:02 6567177    /lib/i386-linux-gnu/libm-2.21.so
b6450000-b6451000 r--p 0004a000 08:02 6567177    /lib/i386-linux-gnu/libm-2.21.so
b6451000-b6452000 rw-p 0004b000 08:02 6567177    /lib/i386-linux-gnu/libm-2.21.so
b6452000-b65bf000 r-xp 00000000 08:02 4858383    /usr/lib/i386-linux-gnu/libstdc++.so.6.0.21
b65bf000-b65c0000 ---p 0016d000 08:02 4858383    /usr/lib/i386-linux-gnu/libstdc++.so.6.0.21
b65c0000-b65c5000 r--p 0016d000 08:02 4858383    /usr/lib/i386-linux-gnu/libstdc++.so.6.0.21
b65c5000-b65c6000 rw-p 00172000 08:02 4858383    /usr/lib/i386-linux-gnu/libstdc++.so.6.0.21
b65c6000-b65c9000 rw-p 00000000 00:00 0 
b65c9000-b712f000 r-xp 00000000 08:02 4866550    /usr/lib/jvm/java-7-openjdk-i386/jre/lib/i386/server/libjvm.so
b712f000-b717a000 r--p 00b65000 08:02 4866550    /usr/lib/jvm/java-7-openjdk-i386/jre/lib/i386/server/libjvm.so
b717a000-b718e000 rw-p 00bb0000 08:02 4866550    /usr/lib/jvm/java-7-openjdk-i386/jre/lib/i386/server/libjvm.so
b718e000-b75ac000 rw-p 00000000 00:00 0 
b75ac000-b75c5000 r-xp 00000000 08:02 6553682    /lib/i386-linux-gnu/libz.so.1.2.8
b75c5000-b75c6000 r--p 00018000 08:02 6553682    /lib/i386-linux-gnu/libz.so.1.2.8
b75c6000-b75c7000 rw-p 00019000 08:02 6553682    /lib/i386-linux-gnu/libz.so.1.2.8
b75c7000-b75e0000 r-xp 00000000 08:02 6567163    /lib/i386-linux-gnu/libpthread-2.21.so
b75e0000-b75e1000 r--p 00018000 08:02 6567163    /lib/i386-linux-gnu/libpthread-2.21.so
b75e1000-b75e2000 rw-p 00019000 08:02 6567163    /lib/i386-linux-gnu/libpthread-2.21.so
b75e2000-b75e4000 rw-p 00000000 00:00 0 
b75e4000-b75e7000 r-xp 00000000 08:02 6567174    /lib/i386-linux-gnu/libdl-2.21.so
b75e7000-b75e8000 r--p 00002000 08:02 6567174    /lib/i386-linux-gnu/libdl-2.21.so
b75e8000-b75e9000 rw-p 00003000 08:02 6567174    /lib/i386-linux-gnu/libdl-2.21.so
b75e9000-b779d000 r-xp 00000000 08:02 6567178    /lib/i386-linux-gnu/libc-2.21.so
b779d000-b77a0000 r--p 001b3000 08:02 6567178    /lib/i386-linux-gnu/libc-2.21.so
b77a0000-b77a2000 rw-p 001b6000 08:02 6567178    /lib/i386-linux-gnu/libc-2.21.so
b77a2000-b77a4000 rw-p 00000000 00:00 0 
b77a4000-b77a6000 r--s 00012000 08:02 4866515    /usr/lib/jvm/java-7-openjdk-i386/jre/lib/ext/zipfs.jar
b77a6000-b77ae000 r-xp 00000000 08:02 6567165    /lib/i386-linux-gnu/libnss_compat-2.21.so
b77ae000-b77af000 r--p 00007000 08:02 6567165    /lib/i386-linux-gnu/libnss_compat-2.21.so
b77af000-b77b0000 rw-p 00008000 08:02 6567165    /lib/i386-linux-gnu/libnss_compat-2.21.so
b77b0000-b77b1000 rw-p 00000000 00:00 0 
b77b1000-b77b2000 ---p 00000000 00:00 0 
b77b2000-b77c0000 r-xp 00000000 08:02 4866558    /usr/lib/jvm/java-7-openjdk-i386/jre/lib/i386/libverify.so
b77c0000-b77c1000 r--p 0000d000 08:02 4866558    /usr/lib/jvm/java-7-openjdk-i386/jre/lib/i386/libverify.so
b77c1000-b77c2000 rw-p 0000e000 08:02 4866558    /usr/lib/jvm/java-7-openjdk-i386/jre/lib/i386/libverify.so
b77c2000-b77ce000 r-xp 00000000 08:02 4866559    /usr/lib/jvm/java-7-openjdk-i386/jre/lib/i386/jli/libjli.so
b77ce000-b77cf000 r--p 0000b000 08:02 4866559    /usr/lib/jvm/java-7-openjdk-i386/jre/lib/i386/jli/libjli.so
b77cf000-b77d0000 rw-p 0000c000 08:02 4866559    /usr/lib/jvm/java-7-openjdk-i386/jre/lib/i386/jli/libjli.so
b77d0000-b77d3000 rw-p 00000000 00:00 0 
b77d3000-b77d5000 r--p 00000000 00:00 0          [vvar]
b77d5000-b77d6000 r-xp 00000000 00:00 0          [vdso]
b77d6000-b77f8000 r-xp 00000000 08:02 6567172    /lib/i386-linux-gnu/ld-2.21.so
b77f8000-b77f9000 r--p 00021000 08:02 6567172    /lib/i386-linux-gnu/ld-2.21.so
b77f9000-b77fa000 rw-p 00022000 08:02 6567172    /lib/i386-linux-gnu/ld-2.21.so
bf8ae000-bf8af000 rwxp 00000000 00:00 0 
bf8e1000-bf902000 rw-p 00000000 00:00 0          [stack]

VM Arguments:
jvm_args: -Djava.awt.headless=true -Xmx1024M -Dfile.encoding=UTF-8 -Duser.country=BR -Duser.language=pt -Duser.variant 
java_command: com.android.dx.command.Main --dex --num-threads=4 --output /home/amanda/projetos/mobile/OlaCalouro/app/build/intermediates/pre-dexed/debug/com.google.android.gms-play-services-ads-8.4.0_a40d5c1a47015143ed4f4f709ae5e077a10af218.jar /home/amanda/projetos/mobile/OlaCalouro/app/build/intermediates/exploded-aar/com.google.android.gms/play-services-ads/8.4.0/jars/classes.jar
Launcher Type: SUN_STANDARD

Environment Variables:
JAVA_HOME=/usr/lib/jvm/java-7-openjdk-i386
PATH=/home/amanda/.sdkman/candidates/grails/current/bin:/usr/local/sbin:/usr/local/bin:/usr/sbin:/usr/bin:/sbin:/bin:/usr/games:/usr/local/games
LD_LIBRARY_PATH=/home/amanda/android-studio/bin:
SHELL=/bin/zsh
DISPLAY=:0

Signal Handlers:
SIGSEGV: [libjvm.so+0x80e7a0], sa_mask[0]=0x7ffbfeff, sa_flags=0x10000004
SIGBUS: [libjvm.so+0x80e7a0], sa_mask[0]=0x7ffbfeff, sa_flags=0x10000004
SIGFPE: [libjvm.so+0x688640], sa_mask[0]=0x7ffbfeff, sa_flags=0x10000004
SIGPIPE: [libjvm.so+0x688640], sa_mask[0]=0x7ffbfeff, sa_flags=0x10000004
SIGXFSZ: [libjvm.so+0x688640], sa_mask[0]=0x7ffbfeff, sa_flags=0x10000004
SIGILL: [libjvm.so+0x688640], sa_mask[0]=0x7ffbfeff, sa_flags=0x10000004
SIGUSR1: SIG_DFL, sa_mask[0]=0x00000000, sa_flags=0x00000000
SIGUSR2: [libjvm.so+0x688490], sa_mask[0]=0x00000004, sa_flags=0x10000004
SIGHUP: [libjvm.so+0x688670], sa_mask[0]=0x7ffbfeff, sa_flags=0x10000004
SIGINT: [libjvm.so+0x688670], sa_mask[0]=0x7ffbfeff, sa_flags=0x10000004
SIGTERM: [libjvm.so+0x688670], sa_mask[0]=0x7ffbfeff, sa_flags=0x10000004
SIGQUIT: [libjvm.so+0x688670], sa_mask[0]=0x7ffbfeff, sa_flags=0x10000004
SIGTRAP: SIG_DFL, sa_mask[0]=0x00000000, sa_flags=0x00000000


---------------  S Y S T E M  ---------------

OS:Ubuntu 15.10 (wily)
uname:Linux 4.2.0-27-generic #32-Ubuntu SMP Fri Jan 22 04:48:15 UTC 2016 i686
libc:glibc 2.21 NPTL 2.21 
rlimit: STACK 8192k, CORE 0k, NPROC 30975, NOFILE 65536, AS infinity
load average:16,12 5,03 2,10

/proc/meminfo:
MemTotal:        3997904 kB
MemFree:          121524 kB
MemAvailable:     164808 kB
Buffers:            3624 kB
Cached:           172432 kB
SwapCached:        44172 kB
Active:          2766908 kB
Inactive:        1002600 kB
Active(anon):    2742768 kB
Inactive(anon):   982124 kB
Active(file):      24140 kB
Inactive(file):    20476 kB
Unevictable:         112 kB
Mlocked:             112 kB
HighTotal:       3146648 kB
HighFree:           4116 kB
LowTotal:         851256 kB
LowFree:          117408 kB
SwapTotal:        578556 kB
SwapFree:            696 kB
Dirty:               456 kB
Writeback:             0 kB
AnonPages:       3549828 kB
Mapped:           126520 kB
Shmem:            131032 kB
Slab:              49096 kB
SReclaimable:      23736 kB
SUnreclaim:        25360 kB
KernelStack:        5680 kB
PageTables:        17780 kB
NFS_Unstable:          0 kB
Bounce:               20 kB
WritebackTmp:          0 kB
CommitLimit:     2577508 kB
Committed_AS:    8378380 kB
VmallocTotal:     122880 kB
VmallocUsed:       31644 kB
VmallocChunk:      71760 kB
AnonHugePages:   1632256 kB
CmaTotal:              0 kB
CmaFree:               0 kB
HugePages_Total:       0
HugePages_Free:        0
HugePages_Rsvd:        0
HugePages_Surp:        0
Hugepagesize:       2048 kB
DirectMap4k:       47096 kB
DirectMap2M:      864256 kB


CPU:total 4 (2 cores per cpu, 2 threads per core) family 6 model 58 stepping 9, cmov, cx8, fxsr, mmx, sse, sse2, sse3, ssse3, sse4.1, sse4.2, popcnt, avx, aes, erms, ht, tsc, tscinvbit, tscinv

/proc/cpuinfo:
processor	: 0
vendor_id	: GenuineIntel
cpu family	: 6
model		: 58
model name	: Intel(R) Core(TM) i5-3337U CPU @ 1.80GHz
stepping	: 9
microcode	: 0x1b
cpu MHz		: 1357.875
cache size	: 3072 KB
physical id	: 0
siblings	: 4
core id		: 0
cpu cores	: 2
apicid		: 0
initial apicid	: 0
fdiv_bug	: no
f00f_bug	: no
coma_bug	: no
fpu		: yes
fpu_exception	: yes
cpuid level	: 13
wp		: yes
flags		: fpu vme de pse tsc msr pae mce cx8 apic sep mtrr pge mca cmov pat pse36 clflush dts acpi mmx fxsr sse sse2 ss ht tm pbe nx rdtscp lm constant_tsc arch_perfmon pebs bts xtopology nonstop_tsc aperfmperf eagerfpu pni pclmulqdq dtes64 monitor ds_cpl vmx est tm2 ssse3 cx16 xtpr pdcm pcid sse4_1 sse4_2 x2apic popcnt tsc_deadline_timer aes xsave avx f16c rdrand lahf_lm ida arat epb pln pts dtherm tpr_shadow vnmi flexpriority ept vpid fsgsbase smep erms xsaveopt
bugs		:
bogomips	: 3591.72
clflush size	: 64
cache_alignment	: 64
address sizes	: 36 bits physical, 48 bits virtual
power management:

processor	: 1
vendor_id	: GenuineIntel
cpu family	: 6
model		: 58
model name	: Intel(R) Core(TM) i5-3337U CPU @ 1.80GHz
stepping	: 9
microcode	: 0x1b
cpu MHz		: 814.500
cache size	: 3072 KB
physical id	: 0
siblings	: 4
core id		: 1
cpu cores	: 2
apicid		: 2
initial apicid	: 2
fdiv_bug	: no
f00f_bug	: no
coma_bug	: no
fpu		: yes
fpu_exception	: yes
cpuid level	: 13
wp		: yes
flags		: fpu vme de pse tsc msr pae mce cx8 apic sep mtrr pge mca cmov pat pse36 clflush dts acpi mmx fxsr sse sse2 ss ht tm pbe nx rdtscp lm constant_tsc arch_perfmon pebs bts xtopology nonstop_tsc aperfmperf eagerfpu pni pclmulqdq dtes64 monitor ds_cpl vmx est tm2 ssse3 cx16 xtpr pdcm pcid sse4_1 sse4_2 x2apic popcnt tsc_deadline_timer aes xsave avx f16c rdrand lahf_lm ida arat epb pln pts dtherm tpr_shadow vnmi flexpriority ept vpid fsgsbase smep erms xsaveopt
bugs		:
bogomips	: 3591.72
clflush size	: 64
cache_alignment	: 64
address sizes	: 36 bits physical, 48 bits virtual
power management:

processor	: 2
vendor_id	: GenuineIntel
cpu family	: 6
model		: 58
model name	: Intel(R) Core(TM) i5-3337U CPU @ 1.80GHz
stepping	: 9
microcode	: 0x1b
cpu MHz		: 1164.445
cache size	: 3072 KB
physical id	: 0
siblings	: 4
core id		: 0
cpu cores	: 2
apicid		: 1
initial apicid	: 1
fdiv_bug	: no
f00f_bug	: no
coma_bug	: no
fpu		: yes
fpu_exception	: yes
cpuid level	: 13
wp		: yes
flags		: fpu vme de pse tsc msr pae mce cx8 apic sep mtrr pge mca cmov pat pse36 clflush dts acpi mmx fxsr sse sse2 ss ht tm pbe nx rdtscp lm constant_tsc arch_perfmon pebs bts xtopology nonstop_tsc aperfmperf eagerfpu pni pclmulqdq dtes64 monitor ds_cpl vmx est tm2 ssse3 cx16 xtpr pdcm pcid sse4_1 sse4_2 x2apic popcnt tsc_deadline_timer aes xsave avx f16c rdrand lahf_lm ida arat epb pln pts dtherm tpr_shadow vnmi flexpriority ept vpid fsgsbase smep erms xsaveopt
bugs		:
bogomips	: 3591.72
clflush size	: 64
cache_alignment	: 64
address sizes	: 36 bits physical, 48 bits virtual
power management:

processor	: 3
vendor_id	: GenuineIntel
cpu family	: 6
model		: 58
model name	: Intel(R) Core(TM) i5-3337U CPU @ 1.80GHz
stepping	: 9
microcode	: 0x1b
cpu MHz		: 1848.164
cache size	: 3072 KB
physical id	: 0
siblings	: 4
core id		: 1
cpu cores	: 2
apicid		: 3
initial apicid	: 3
fdiv_bug	: no
f00f_bug	: no
coma_bug	: no
fpu		: yes
fpu_exception	: yes
cpuid level	: 13
wp		: yes
flags		: fpu vme de pse tsc msr pae mce cx8 apic sep mtrr pge mca cmov pat pse36 clflush dts acpi mmx fxsr sse sse2 ss ht tm pbe nx rdtscp lm constant_tsc arch_perfmon pebs bts xtopology nonstop_tsc aperfmperf eagerfpu pni pclmulqdq dtes64 monitor ds_cpl vmx est tm2 ssse3 cx16 xtpr pdcm pcid sse4_1 sse4_2 x2apic popcnt tsc_deadline_timer aes xsave avx f16c rdrand lahf_lm ida arat epb pln pts dtherm tpr_shadow vnmi flexpriority ept vpid fsgsbase smep erms xsaveopt
bugs		:
bogomips	: 3591.72
clflush size	: 64
cache_alignment	: 64
address sizes	: 36 bits physical, 48 bits virtual
power management:



Memory: 4k page, physical 3997904k(121524k free), swap 578556k(696k free)

vm_info: OpenJDK Server VM (24.95-b01) for linux-x86 JRE (1.7.0_95-b00), built on Jan 21 2016 03:34:30 by "buildd" with gcc 5.2.1 20151010

time: Sun Feb 21 22:23:49 2016
elapsed time: 50 seconds

